#
# There is insufficient memory for the Java Runtime Environment to continue.
# Native memory allocation (malloc) failed to allocate 488560 bytes for Chunk::new
# Possible reasons:
#   The system is out of physical RAM or swap space
#   In 32 bit mode, the process size limit was hit
# Possible solutions:
#   Reduce memory load on the system
#   Increase physical memory or swap space
#   Check if swap backing store is full
#   Use 64 bit Java on a 64 bit OS
#   Decrease Java heap size (-Xmx/-Xms)
#   Decrease number of Java threads
#   Decrease Java thread stack sizes (-Xss)
#   Set larger code cache with -XX:ReservedCodeCacheSize=
# This output file may be truncated or incomplete.
#
#  Out of Memory Error (allocation.cpp:390), pid=16360, tid=0x0000000000003d60
#
# JRE version: Java(TM) SE Runtime Environment (8.0_161-b12) (build 1.8.0_161-b12)
# Java VM: Java HotSpot(TM) 64-Bit Server VM (25.161-b12 mixed mode windows-amd64 compressed oops)
# Failed to write core dump. Minidumps are not enabled by default on client versions of Windows
#

---------------  T H R E A D  ---------------

Current thread (0x0000000016424000):  JavaThread "C2 CompilerThread1" daemon [_thread_in_native, id=15712, stack(0x0000000017b80000,0x0000000017c80000)]

Stack: [0x0000000017b80000,0x0000000017c80000]
[error occurred during error reporting (printing stack bounds), id 0xc0000005]

Native frames: (J=compiled Java code, j=interpreted, Vv=VM code, C=native code)


Current CompileTask:
C2:3927446 24562       4       com.android.ide.common.res2.ResourceMerger::buildCache (421 bytes)


---------------  P R O C E S S  ---------------

Java Threads: ( => current thread )
  0x000000001c346800 JavaThread "pool-198-thread-1" [_thread_blocked, id=10632, stack(0x00000000782d0000,0x00000000783d0000)]
  0x000000001c349000 JavaThread "stdout" daemon [_thread_in_native, id=13220, stack(0x00000000781d0000,0x00000000782d0000)]
  0x000000001c347800 JavaThread "stderr" daemon [_thread_in_native, id=608, stack(0x00000000780d0000,0x00000000781d0000)]
  0x000000001c346000 JavaThread "stdout" daemon [_thread_in_native, id=11372, stack(0x0000000077fd0000,0x00000000780d0000)]
  0x000000001c345000 JavaThread "stderr" daemon [_thread_in_native, id=14996, stack(0x0000000077ed0000,0x0000000077fd0000)]
  0x000000001c33d000 JavaThread "stdout" daemon [_thread_in_native, id=704, stack(0x0000000077dd0000,0x0000000077ed0000)]
  0x000000001c33c000 JavaThread "stderr" daemon [_thread_in_native, id=4676, stack(0x0000000077cd0000,0x0000000077dd0000)]
  0x000000001c343000 JavaThread "stdout" daemon [_thread_in_native, id=2556, stack(0x0000000077bd0000,0x0000000077cd0000)]
  0x000000001c33f000 JavaThread "stderr" daemon [_thread_in_native, id=15936, stack(0x0000000077ad0000,0x0000000077bd0000)]
  0x000000001f614800 JavaThread "queued-resource-processor_188" daemon [_thread_in_native, id=15100, stack(0x00000000779d0000,0x0000000077ad0000)]
  0x000000001f619000 JavaThread "queued-resource-processor_187" daemon [_thread_in_native, id=15116, stack(0x00000000778d0000,0x00000000779d0000)]
  0x000000001f618000 JavaThread "queued-resource-processor_186" daemon [_thread_in_native, id=1340, stack(0x00000000777d0000,0x00000000778d0000)]
  0x000000001f613800 JavaThread "queued-resource-processor_185" daemon [_thread_in_native, id=7728, stack(0x00000000776d0000,0x00000000777d0000)]
  0x000000001f616000 JavaThread "Task worker for ':' Thread 3" [_thread_blocked, id=13376, stack(0x00000000775d0000,0x00000000776d0000)]
  0x000000001f619800 JavaThread "Task worker for ':' Thread 2" [_thread_blocked, id=11116, stack(0x00000000774d0000,0x00000000775d0000)]
  0x000000001f617800 JavaThread "Task worker for ':'" [_thread_blocked, id=9416, stack(0x00000000773d0000,0x00000000774d0000)]
  0x000000001f60c000 JavaThread "Cache worker for Build Output Cleanup Cache (C:\Users\User\AndroidStudioProjects\Calculator\.gradle\buildOutputCleanup)" [_thread_blocked, id=2256, stack(0x00000000772d0000,0x00000000773d0000)]
  0x000000001f613000 JavaThread "Cache worker for task history cache (C:\Users\User\AndroidStudioProjects\Calculator\.gradle\4.4\taskHistory)" [_thread_blocked, id=2008, stack(0x00000000771d0000,0x00000000772d0000)]
  0x000000001f60f000 JavaThread "Cache worker for file content cache (C:\Users\User\AndroidStudioProjects\Calculator\.gradle\4.4\fileContent)" [_thread_blocked, id=2932, stack(0x00000000770d0000,0x00000000771d0000)]
  0x000000001f610000 JavaThread "build operations Thread 4" [_thread_blocked, id=7860, stack(0x0000000076fd0000,0x00000000770d0000)]
  0x0000000019a0d800 JavaThread "build operations Thread 3" [_thread_blocked, id=14948, stack(0x0000000076ed0000,0x0000000076fd0000)]
  0x0000000019a09800 JavaThread "build operations Thread 2" [_thread_blocked, id=11044, stack(0x0000000076dd0000,0x0000000076ed0000)]
  0x0000000019a07800 JavaThread "build operations" [_thread_blocked, id=14612, stack(0x0000000076cd0000,0x0000000076dd0000)]
  0x0000000019a0c800 JavaThread "Cache worker for Artifact transforms cache (C:\Users\User\.gradle\caches\transforms-1)" [_thread_blocked, id=14952, stack(0x0000000076bd0000,0x0000000076cd0000)]
  0x0000000019a0c000 JavaThread "Cache worker for file hash cache (C:\Users\User\AndroidStudioProjects\Calculator\.gradle\4.4\fileHashes)" [_thread_blocked, id=9220, stack(0x0000000076ad0000,0x0000000076bd0000)]
  0x0000000019a0a800 JavaThread "Stdin handler" [_thread_blocked, id=11808, stack(0x00000000769d0000,0x0000000076ad0000)]
  0x00000000199ff000 JavaThread "Asynchronous log dispatcher for DefaultDaemonConnection: socket connection from /127.0.0.1:52627 to /127.0.0.1:54007" [_thread_blocked, id=14604, stack(0x00000000768d0000,0x00000000769d0000)]
  0x00000000199fe800 JavaThread "Daemon worker Thread 13" [_thread_blocked, id=13356, stack(0x00000000767d0000,0x00000000768d0000)]
  0x0000000019a04800 JavaThread "Cancel handler" [_thread_blocked, id=11584, stack(0x00000000766d0000,0x00000000767d0000)]
  0x0000000019a02000 JavaThread "Handler for socket connection from /127.0.0.1:52627 to /127.0.0.1:54007" [_thread_in_native, id=16164, stack(0x00000000765d0000,0x00000000766d0000)]
  0x0000000019a01800 JavaThread "Daemon Thread 13" [_thread_blocked, id=8524, stack(0x00000000764d0000,0x00000000765d0000)]
  0x000000001c33a800 JavaThread "Memory manager" [_thread_blocked, id=14460, stack(0x0000000021c90000,0x0000000021d90000)]
  0x0000000019450000 JavaThread "pool-1-thread-1" [_thread_blocked, id=9928, stack(0x0000000021990000,0x0000000021a90000)]
  0x0000000019454800 JavaThread "File lock request listener" [_thread_in_native, id=13484, stack(0x000000001bfa0000,0x000000001c0a0000)]
  0x0000000019450800 JavaThread "Cache worker for file hash cache (C:\Users\User\.gradle\caches\4.4\fileHashes)" [_thread_blocked, id=15908, stack(0x000000001bea0000,0x000000001bfa0000)]
  0x0000000019100000 JavaThread "Daemon periodic checks" [_thread_blocked, id=16020, stack(0x000000001a3d0000,0x000000001a4d0000)]
  0x00000000191da800 JavaThread "Incoming local TCP Connector on port 52627" [_thread_in_native, id=14148, stack(0x000000001a190000,0x000000001a290000)]
  0x0000000018fa8800 JavaThread "Daemon health stats" [_thread_blocked, id=8132, stack(0x0000000019b50000,0x0000000019c50000)]
  0x0000000017db0800 JavaThread "Service Thread" daemon [_thread_blocked, id=15572, stack(0x0000000018180000,0x0000000018280000)]
  0x000000001642b800 JavaThread "C1 CompilerThread2" daemon [_thread_blocked, id=13456, stack(0x0000000017c80000,0x0000000017d80000)]
=>0x0000000016424000 JavaThread "C2 CompilerThread1" daemon [_thread_in_native, id=15712, stack(0x0000000017b80000,0x0000000017c80000)]
  0x0000000016420000 JavaThread "C2 CompilerThread0" daemon [_thread_in_native, id=15020, stack(0x0000000017a80000,0x0000000017b80000)]
  0x000000001641c000 JavaThread "Attach Listener" daemon [_thread_blocked, id=15320, stack(0x0000000017980000,0x0000000017a80000)]
  0x000000001641b000 JavaThread "Signal Dispatcher" daemon [_thread_blocked, id=4312, stack(0x0000000017880000,0x0000000017980000)]
  0x0000000002aa8800 JavaThread "Finalizer" daemon [_thread_blocked, id=3600, stack(0x0000000017690000,0x0000000017790000)]
  0x0000000002aa3000 JavaThread "Reference Handler" daemon [_thread_blocked, id=5716, stack(0x0000000017590000,0x0000000017690000)]
  0x00000000027ee000 JavaThread "main" [_thread_blocked, id=1448, stack(0x00000000028b0000,0x00000000029b0000)]

Other Threads:
  0x00000000163e8000 VMThread [stack: 0x0000000017490000,0x0000000017590000] [id=10768]
  0x0000000017dc1800 WatcherThread [stack: 0x0000000018280000,0x0000000018380000] [id=3376]

VM state:not at safepoint (normal execution)

VM Mutex/Monitor currently owned by a thread: None

Heap:
 PSYoungGen      total 233472K, used 208375K [0x00000000e0000000, 0x00000000f1480000, 0x0000000100000000)
  eden space 224768K, 88% used [0x00000000e0000000,0x00000000ec34ff68,0x00000000edb80000)
  from space 8704K, 96% used [0x00000000f0c00000,0x00000000f142dd00,0x00000000f1480000)
  to   space 14336K, 0% used [0x00000000ef880000,0x00000000ef880000,0x00000000f0680000)
 ParOldGen       total 134656K, used 44161K [0x00000000a0000000, 0x00000000a8380000, 0x00000000e0000000)
  object space 134656K, 32% used [0x00000000a0000000,0x00000000a2b205c0,0x00000000a8380000)
 Metaspace       used 89760K, capacity 95350K, committed 98560K, reserved 1134592K
  class space    used 11425K, capacity 12444K, committed 13312K, reserved 1048576K

Card table byte_map: [0x0000000011e70000,0x0000000012180000] byte_map_base: 0x0000000011970000

Marking Bits: (ParMarkBitMap*) 0x00000000615cf860
 Begin Bits: [0x0000000012780000, 0x0000000013f80000)
 End Bits:   [0x0000000013f80000, 0x0000000015780000)

Polling page: 0x00000000005f0000

CodeCache: size=245760Kb used=68565Kb max_used=68589Kb free=177194Kb
 bounds [0x0000000002ab0000, 0x0000000006e20000, 0x0000000011ab0000]
 total_blobs=19950 nmethods=19080 adapters=780
 compilation: enabled

Compilation events (10 events):
Event: 3926.120 Thread 0x000000001642b800 24558       3       com.android.build.gradle.internal.api.DefaultAndroidSourceSet_Decorated::getRes (38 bytes)
Event: 3926.121 Thread 0x000000001642b800 nmethod 24558 0x0000000006e0bad0 code [0x0000000006e0bca0, 0x0000000006e0c3a8]
Event: 3926.282 Thread 0x000000001642b800 24559       3       com.sun.org.apache.xerces.internal.impl.XMLEntityScanner::skipString (107 bytes)
Event: 3926.283 Thread 0x000000001642b800 nmethod 24559 0x0000000003ee8c50 code [0x0000000003ee8de0, 0x0000000003ee91b8]
Event: 3926.335 Thread 0x0000000016424000 nmethod 24557 0x0000000006e15190 code [0x0000000006e15660, 0x0000000006e19948]
Event: 3926.335 Thread 0x0000000016424000 24560       4       com.android.resources.UiMode::getEnum (42 bytes)
Event: 3926.335 Thread 0x000000001642b800 24561       1       com.android.ide.common.res2.DataMerger::getDataSets (5 bytes)
Event: 3926.335 Thread 0x000000001642b800 nmethod 24561 0x0000000004ba49d0 code [0x0000000004ba4b20, 0x0000000004ba4c30]
Event: 3926.339 Thread 0x0000000016424000 nmethod 24560 0x0000000006e0b510 code [0x0000000006e0b660, 0x0000000006e0b978]
Event: 3926.339 Thread 0x0000000016424000 24562       4       com.android.ide.common.res2.ResourceMerger::buildCache (421 bytes)

GC Heap History (10 events):
Event: 3601.402 GC heap before
{Heap before GC invocations=38 (full 3):
 PSYoungGen      total 224768K, used 69545K [0x00000000e0000000, 0x00000000f2f80000, 0x0000000100000000)
  eden space 217088K, 28% used [0x00000000e0000000,0x00000000e3c9f978,0x00000000ed400000)
  from space 7680K, 97% used [0x00000000f2800000,0x00000000f2f4ad40,0x00000000f2f80000)
  to   space 15360K, 0% used [0x00000000f1180000,0x00000000f1180000,0x00000000f2080000)
 ParOldGen       total 93184K, used 68048K [0x00000000a0000000, 0x00000000a5b00000, 0x00000000e0000000)
  object space 93184K, 73% used [0x00000000a0000000,0x00000000a4274378,0x00000000a5b00000)
 Metaspace       used 91443K, capacity 98418K, committed 98560K, reserved 1134592K
  class space    used 11890K, capacity 13231K, committed 13312K, reserved 1048576K
Event: 3601.421 GC heap after
Heap after GC invocations=38 (full 3):
 PSYoungGen      total 212480K, used 3665K [0x00000000e0000000, 0x00000000f2880000, 0x0000000100000000)
  eden space 208384K, 0% used [0x00000000e0000000,0x00000000e0000000,0x00000000ecb80000)
  from space 4096K, 89% used [0x00000000f1180000,0x00000000f15147e0,0x00000000f1580000)
  to   space 15360K, 0% used [0x00000000f1980000,0x00000000f1980000,0x00000000f2880000)
 ParOldGen       total 93184K, used 68056K [0x00000000a0000000, 0x00000000a5b00000, 0x00000000e0000000)
  object space 93184K, 73% used [0x00000000a0000000,0x00000000a4276378,0x00000000a5b00000)
 Metaspace       used 91443K, capacity 98418K, committed 98560K, reserved 1134592K
  class space    used 11890K, capacity 13231K, committed 13312K, reserved 1048576K
}
Event: 3601.458 GC heap before
{Heap before GC invocations=39 (full 4):
 PSYoungGen      total 212480K, used 3665K [0x00000000e0000000, 0x00000000f2880000, 0x0000000100000000)
  eden space 208384K, 0% used [0x00000000e0000000,0x00000000e0000000,0x00000000ecb80000)
  from space 4096K, 89% used [0x00000000f1180000,0x00000000f15147e0,0x00000000f1580000)
  to   space 15360K, 0% used [0x00000000f1980000,0x00000000f1980000,0x00000000f2880000)
 ParOldGen       total 93184K, used 68056K [0x00000000a0000000, 0x00000000a5b00000, 0x00000000e0000000)
  object space 93184K, 73% used [0x00000000a0000000,0x00000000a4276378,0x00000000a5b00000)
 Metaspace       used 91443K, capacity 98418K, committed 98560K, reserved 1134592K
  class space    used 11890K, capacity 13231K, committed 13312K, reserved 1048576K
Event: 3602.845 GC heap after
Heap after GC invocations=39 (full 4):
 PSYoungGen      total 212480K, used 0K [0x00000000e0000000, 0x00000000f2880000, 0x0000000100000000)
  eden space 208384K, 0% used [0x00000000e0000000,0x00000000e0000000,0x00000000ecb80000)
  from space 4096K, 0% used [0x00000000f1180000,0x00000000f1180000,0x00000000f1580000)
  to   space 15360K, 0% used [0x00000000f1980000,0x00000000f1980000,0x00000000f2880000)
 ParOldGen       total 134656K, used 44137K [0x00000000a0000000, 0x00000000a8380000, 0x00000000e0000000)
  object space 134656K, 32% used [0x00000000a0000000,0x00000000a2b1a5c0,0x00000000a8380000)
 Metaspace       used 89348K, capacity 94850K, committed 98560K, reserved 1134592K
  class space    used 11397K, capacity 12394K, committed 13312K, reserved 1048576K
}
Event: 3679.043 GC heap before
{Heap before GC invocations=40 (full 4):
 PSYoungGen      total 212480K, used 207797K [0x00000000e0000000, 0x00000000f2880000, 0x0000000100000000)
  eden space 208384K, 99% used [0x00000000e0000000,0x00000000ecaed518,0x00000000ecb80000)
  from space 4096K, 0% used [0x00000000f1180000,0x00000000f1180000,0x00000000f1580000)
  to   space 15360K, 0% used [0x00000000f1980000,0x00000000f1980000,0x00000000f2880000)
 ParOldGen       total 134656K, used 44137K [0x00000000a0000000, 0x00000000a8380000, 0x00000000e0000000)
  object space 134656K, 32% used [0x00000000a0000000,0x00000000a2b1a5c0,0x00000000a8380000)
 Metaspace       used 89485K, capacity 95106K, committed 98560K, reserved 1134592K
  class space    used 11415K, capacity 12426K, committed 13312K, reserved 1048576K
Event: 3679.077 GC heap after
Heap after GC invocations=40 (full 4):
 PSYoungGen      total 222208K, used 7398K [0x00000000e0000000, 0x00000000f2100000, 0x0000000100000000)
  eden space 214528K, 0% used [0x00000000e0000000,0x00000000e0000000,0x00000000ed180000)
  from space 7680K, 96% used [0x00000000f1980000,0x00000000f20b99e8,0x00000000f2100000)
  to   space 15360K, 0% used [0x00000000f0300000,0x00000000f0300000,0x00000000f1200000)
 ParOldGen       total 134656K, used 44145K [0x00000000a0000000, 0x00000000a8380000, 0x00000000e0000000)
  object space 134656K, 32% used [0x00000000a0000000,0x00000000a2b1c5c0,0x00000000a8380000)
 Metaspace       used 89485K, capacity 95106K, committed 98560K, reserved 1134592K
  class space    used 11415K, capacity 12426K, committed 13312K, reserved 1048576K
}
Event: 3756.486 GC heap before
{Heap before GC invocations=41 (full 4):
 PSYoungGen      total 222208K, used 221926K [0x00000000e0000000, 0x00000000f2100000, 0x0000000100000000)
  eden space 214528K, 100% used [0x00000000e0000000,0x00000000ed180000,0x00000000ed180000)
  from space 7680K, 96% used [0x00000000f1980000,0x00000000f20b99e8,0x00000000f2100000)
  to   space 15360K, 0% used [0x00000000f0300000,0x00000000f0300000,0x00000000f1200000)
 ParOldGen       total 134656K, used 44145K [0x00000000a0000000, 0x00000000a8380000, 0x00000000e0000000)
  object space 134656K, 32% used [0x00000000a0000000,0x00000000a2b1c5c0,0x00000000a8380000)
 Metaspace       used 89568K, capacity 95154K, committed 98560K, reserved 1134592K
  class space    used 11419K, capacity 12434K, committed 13312K, reserved 1048576K
Event: 3756.508 GC heap after
Heap after GC invocations=41 (full 4):
 PSYoungGen      total 228864K, used 9203K [0x00000000e0000000, 0x00000000f1a00000, 0x0000000100000000)
  eden space 219648K, 0% used [0x00000000e0000000,0x00000000e0000000,0x00000000ed680000)
  from space 9216K, 99% used [0x00000000f0300000,0x00000000f0bfcfb0,0x00000000f0c00000)
  to   space 14336K, 0% used [0x00000000f0c00000,0x00000000f0c00000,0x00000000f1a00000)
 ParOldGen       total 134656K, used 44153K [0x00000000a0000000, 0x00000000a8380000, 0x00000000e0000000)
  object space 134656K, 32% used [0x00000000a0000000,0x00000000a2b1e5c0,0x00000000a8380000)
 Metaspace       used 89568K, capacity 95154K, committed 98560K, reserved 1134592K
  class space    used 11419K, capacity 12434K, committed 13312K, reserved 1048576K
}
Event: 3794.294 GC heap before
{Heap before GC invocations=42 (full 4):
 PSYoungGen      total 228864K, used 228851K [0x00000000e0000000, 0x00000000f1a00000, 0x0000000100000000)
  eden space 219648K, 100% used [0x00000000e0000000,0x00000000ed680000,0x00000000ed680000)
  from space 9216K, 99% used [0x00000000f0300000,0x00000000f0bfcfb0,0x00000000f0c00000)
  to   space 14336K, 0% used [0x00000000f0c00000,0x00000000f0c00000,0x00000000f1a00000)
 ParOldGen       total 134656K, used 44153K [0x00000000a0000000, 0x00000000a8380000, 0x00000000e0000000)
  object space 134656K, 32% used [0x00000000a0000000,0x00000000a2b1e5c0,0x00000000a8380000)
 Metaspace       used 89646K, capacity 95244K, committed 98560K, reserved 1134592K
  class space    used 11421K, capacity 12437K, committed 13312K, reserved 1048576K
Event: 3794.317 GC heap after
Heap after GC invocations=42 (full 4):
 PSYoungGen      total 233472K, used 8375K [0x00000000e0000000, 0x00000000f1480000, 0x0000000100000000)
  eden space 224768K, 0% used [0x00000000e0000000,0x00000000e0000000,0x00000000edb80000)
  from space 8704K, 96% used [0x00000000f0c00000,0x00000000f142dd00,0x00000000f1480000)
  to   space 14336K, 0% used [0x00000000ef880000,0x00000000ef880000,0x00000000f0680000)
 ParOldGen       total 134656K, used 44161K [0x00000000a0000000, 0x00000000a8380000, 0x00000000e0000000)
  object space 134656K, 32% used [0x00000000a0000000,0x00000000a2b205c0,0x00000000a8380000)
 Metaspace       used 89646K, capacity 95244K, committed 98560K, reserved 1134592K
  class space    used 11421K, capacity 12437K, committed 13312K, reserved 1048576K
}

Deoptimization events (10 events):
Event: 3792.958 Thread 0x000000001f60c000 Uncommon trap: reason=speculate_class_check action=maybe_recompile pc=0x0000000003c671c0 method=com.google.common.collect.AbstractIndexedListIterator.next()Ljava/lang/Object; @ 27
Event: 3792.959 Thread 0x000000001f60c000 Uncommon trap: reason=speculate_class_check action=maybe_recompile pc=0x0000000003c671c0 method=com.google.common.collect.AbstractIndexedListIterator.next()Ljava/lang/Object; @ 27
Event: 3793.735 Thread 0x000000001f618000 Uncommon trap: reason=bimorphic action=maybe_recompile pc=0x0000000006d2d200 method=com.google.common.collect.NaturalOrdering.compare(Ljava/lang/Comparable;Ljava/lang/Comparable;)I @ 12
Event: 3793.919 Thread 0x000000001f618000 Uncommon trap: reason=bimorphic action=maybe_recompile pc=0x0000000006d2d200 method=com.google.common.collect.NaturalOrdering.compare(Ljava/lang/Comparable;Ljava/lang/Comparable;)I @ 12
Event: 3793.997 Thread 0x000000001f618000 Uncommon trap: reason=bimorphic action=maybe_recompile pc=0x0000000006d2d200 method=com.google.common.collect.NaturalOrdering.compare(Ljava/lang/Comparable;Ljava/lang/Comparable;)I @ 12
Event: 3794.081 Thread 0x000000001f618000 Uncommon trap: reason=bimorphic action=maybe_recompile pc=0x0000000006d2d200 method=com.google.common.collect.NaturalOrdering.compare(Ljava/lang/Comparable;Ljava/lang/Comparable;)I @ 12
Event: 3841.270 Thread 0x000000001944e800 Uncommon trap: reason=unstable_if action=reinterpret pc=0x00000000069afd2c method=java.text.DecimalFormat.format(JLjava/lang/StringBuffer;Ljava/text/Format$FieldDelegate;)Ljava/lang/StringBuffer; @ 136
Event: 3841.270 Thread 0x000000001944e800 Uncommon trap: reason=unstable_if action=reinterpret pc=0x00000000068b3734 method=java.text.DigitList.set(ZJI)V @ 8
Event: 3841.270 Thread 0x000000001944e800 Uncommon trap: reason=unstable_if action=reinterpret pc=0x00000000068c76a0 method=java.text.DigitList.isZero()Z @ 7
Event: 3925.401 Thread 0x0000000019a02000 Uncommon trap: reason=unstable_if action=reinterpret pc=0x00000000061e43e8 method=org.gradle.internal.logging.sink.OutputEventRenderer.onOutput(Lorg/gradle/internal/logging/events/OutputEvent;)V @ 24

Classes redefined (0 events):
No events

Internal exceptions (10 events):
Event: 3715.675 Thread 0x0000000019452000 Exception <a 'sun/nio/fs/WindowsException'> (0x00000000e3905e38) thrown at [C:\re\workspace\8-2-build-windows-amd64-cygwin\jdk8u161\10277\hotspot\src\share\vm\prims\jni.cpp, line 709]
Event: 3715.680 Thread 0x0000000019452000 Exception <a 'sun/nio/fs/WindowsException'> (0x00000000e3911e10) thrown at [C:\re\workspace\8-2-build-windows-amd64-cygwin\jdk8u161\10277\hotspot\src\share\vm\prims\jni.cpp, line 709]
Event: 3755.998 Thread 0x0000000019452000 Exception <a 'sun/nio/fs/WindowsException'> (0x00000000eb872f18) thrown at [C:\re\workspace\8-2-build-windows-amd64-cygwin\jdk8u161\10277\hotspot\src\share\vm\prims\jni.cpp, line 709]
Event: 3756.001 Thread 0x0000000019452000 Exception <a 'sun/nio/fs/WindowsException'> (0x00000000eb87eef0) thrown at [C:\re\workspace\8-2-build-windows-amd64-cygwin\jdk8u161\10277\hotspot\src\share\vm\prims\jni.cpp, line 709]
Event: 3790.342 Thread 0x0000000019452000 Exception <a 'sun/nio/fs/WindowsException'> (0x00000000e6819d00) thrown at [C:\re\workspace\8-2-build-windows-amd64-cygwin\jdk8u161\10277\hotspot\src\share\vm\prims\jni.cpp, line 709]
Event: 3790.346 Thread 0x0000000019452000 Exception <a 'sun/nio/fs/WindowsException'> (0x00000000e6825cd8) thrown at [C:\re\workspace\8-2-build-windows-amd64-cygwin\jdk8u161\10277\hotspot\src\share\vm\prims\jni.cpp, line 709]
Event: 3837.325 Thread 0x0000000019452000 Exception <a 'sun/nio/fs/WindowsException'> (0x00000000e13c8d70) thrown at [C:\re\workspace\8-2-build-windows-amd64-cygwin\jdk8u161\10277\hotspot\src\share\vm\prims\jni.cpp, line 709]
Event: 3837.329 Thread 0x0000000019452000 Exception <a 'sun/nio/fs/WindowsException'> (0x00000000e13d4d48) thrown at [C:\re\workspace\8-2-build-windows-amd64-cygwin\jdk8u161\10277\hotspot\src\share\vm\prims\jni.cpp, line 709]
Event: 3925.618 Thread 0x00000000199fe800 Exception <a 'sun/nio/fs/WindowsException'> (0x00000000e953d428) thrown at [C:\re\workspace\8-2-build-windows-amd64-cygwin\jdk8u161\10277\hotspot\src\share\vm\prims\jni.cpp, line 709]
Event: 3925.622 Thread 0x00000000199fe800 Exception <a 'sun/nio/fs/WindowsException'> (0x00000000e95495b8) thrown at [C:\re\workspace\8-2-build-windows-amd64-cygwin\jdk8u161\10277\hotspot\src\share\vm\prims\jni.cpp, line 709]

Events (10 events):
Event: 3926.407 Thread 0x000000001c343000 Thread added: 0x000000001c343000
Event: 3926.413 Thread 0x000000001c33c000 Thread added: 0x000000001c33c000
Event: 3926.413 Thread 0x000000001c33d000 Thread added: 0x000000001c33d000
Event: 3926.420 Thread 0x000000001c345000 Thread added: 0x000000001c345000
Event: 3926.420 Thread 0x000000001c346000 Thread added: 0x000000001c346000
Event: 3926.425 Thread 0x000000001c347800 Thread added: 0x000000001c347800
Event: 3926.428 Thread 0x000000001c349000 Thread added: 0x000000001c349000
Event: 3926.706 Executing VM operation: RevokeBias
Event: 3926.706 Executing VM operation: RevokeBias done
Event: 3926.752 Thread 0x000000001c346800 Thread added: 0x000000001c346800


Dynamic libraries:
0x00007ff77e810000 - 0x00007ff77e847000 	C:\Program Files\Java\jdk1.8.0_161\bin\java.exe
0x00007ff804110000 - 0x00007ff8042f1000 	C:\WINDOWS\SYSTEM32\ntdll.dll
0x00007ff8036c0000 - 0x00007ff803772000 	C:\WINDOWS\System32\KERNEL32.DLL
0x00007ff800850000 - 0x00007ff800ac3000 	C:\WINDOWS\System32\KERNELBASE.dll
0x00007ff803ea0000 - 0x00007ff803f41000 	C:\WINDOWS\System32\ADVAPI32.dll
0x00007ff803620000 - 0x00007ff8036be000 	C:\WINDOWS\System32\msvcrt.dll
0x00007ff801b90000 - 0x00007ff801beb000 	C:\WINDOWS\System32\sechost.dll
0x00007ff8018d0000 - 0x00007ff8019f4000 	C:\WINDOWS\System32\RPCRT4.dll
0x00007ff803280000 - 0x00007ff803410000 	C:\WINDOWS\System32\USER32.dll
0x00007ff800b70000 - 0x00007ff800b90000 	C:\WINDOWS\System32\win32u.dll
0x00007ff803e70000 - 0x00007ff803e98000 	C:\WINDOWS\System32\GDI32.dll
0x00007ff8012a0000 - 0x00007ff801432000 	C:\WINDOWS\System32\gdi32full.dll
0x00007ff800ad0000 - 0x00007ff800b6f000 	C:\WINDOWS\System32\msvcp_win.dll
0x00007ff8014a0000 - 0x00007ff80159a000 	C:\WINDOWS\System32\ucrtbase.dll
0x00007ffff0a50000 - 0x00007ffff0cb9000 	C:\WINDOWS\WinSxS\amd64_microsoft.windows.common-controls_6595b64144ccf1df_6.0.17134.48_none_b4b2216a3cb4dd3e\COMCTL32.dll
0x00007ff8015a0000 - 0x00007ff8018c3000 	C:\WINDOWS\System32\combase.dll
0x00007ff8005e0000 - 0x00007ff80065a000 	C:\WINDOWS\System32\bcryptPrimitives.dll
0x00007ff803780000 - 0x00007ff8037ad000 	C:\WINDOWS\System32\IMM32.DLL
0x0000000062d40000 - 0x0000000062e12000 	C:\Program Files\Java\jdk1.8.0_161\jre\bin\msvcr100.dll
0x0000000060db0000 - 0x000000006164f000 	C:\Program Files\Java\jdk1.8.0_161\jre\bin\server\jvm.dll
0x00007ff801b80000 - 0x00007ff801b88000 	C:\WINDOWS\System32\PSAPI.DLL
0x00007ffffdea0000 - 0x00007ffffdec3000 	C:\WINDOWS\SYSTEM32\WINMM.dll
0x00007fffe7ec0000 - 0x00007fffe7ec9000 	C:\WINDOWS\SYSTEM32\WSOCK32.dll
0x00007ffff7700000 - 0x00007ffff770a000 	C:\WINDOWS\SYSTEM32\VERSION.dll
0x00007ff803e00000 - 0x00007ff803e6c000 	C:\WINDOWS\System32\WS2_32.dll
0x00007ffffde70000 - 0x00007ffffde9a000 	C:\WINDOWS\SYSTEM32\winmmbase.dll
0x00007ff800590000 - 0x00007ff8005d9000 	C:\WINDOWS\System32\cfgmgr32.dll
0x00000000645c0000 - 0x00000000645cf000 	C:\Program Files\Java\jdk1.8.0_161\jre\bin\verify.dll
0x0000000064590000 - 0x00000000645b9000 	C:\Program Files\Java\jdk1.8.0_161\jre\bin\java.dll
0x00000000642d0000 - 0x00000000642e6000 	C:\Program Files\Java\jdk1.8.0_161\jre\bin\zip.dll
0x00007ff801ce0000 - 0x00007ff803120000 	C:\WINDOWS\System32\SHELL32.dll
0x00007ff801a00000 - 0x00007ff801aa9000 	C:\WINDOWS\System32\shcore.dll
0x00007ff800b90000 - 0x00007ff80129d000 	C:\WINDOWS\System32\windows.storage.dll
0x00007ff8037b0000 - 0x00007ff803801000 	C:\WINDOWS\System32\shlwapi.dll
0x00007ff8004a0000 - 0x00007ff8004b1000 	C:\WINDOWS\System32\kernel.appcore.dll
0x00007ff800480000 - 0x00007ff80049f000 	C:\WINDOWS\System32\profapi.dll
0x00007ff800420000 - 0x00007ff80046c000 	C:\WINDOWS\System32\powrprof.dll
0x00007ff800470000 - 0x00007ff80047a000 	C:\WINDOWS\System32\FLTLIB.DLL
0x00000000642b0000 - 0x00000000642ca000 	C:\Program Files\Java\jdk1.8.0_161\jre\bin\net.dll
0x00007fffffc90000 - 0x00007fffffcf6000 	C:\WINDOWS\system32\mswsock.dll
0x0000000064110000 - 0x0000000064121000 	C:\Program Files\Java\jdk1.8.0_161\jre\bin\nio.dll
0x00007ffff6a80000 - 0x00007ffff6a9e000 	C:\Users\User\.gradle\native\25\windows-amd64\native-platform.dll
0x0000000064580000 - 0x000000006458d000 	C:\Program Files\Java\jdk1.8.0_161\jre\bin\management.dll
0x00007fffffe50000 - 0x00007fffffe67000 	C:\WINDOWS\SYSTEM32\CRYPTSP.dll
0x00007fffff810000 - 0x00007fffff843000 	C:\WINDOWS\system32\rsaenh.dll
0x00007ff800070000 - 0x00007ff800095000 	C:\WINDOWS\SYSTEM32\bcrypt.dll
0x00007ff800320000 - 0x00007ff800348000 	C:\WINDOWS\SYSTEM32\USERENV.dll
0x00007fffffe40000 - 0x00007fffffe4b000 	C:\WINDOWS\SYSTEM32\CRYPTBASE.dll
0x00007fffffa10000 - 0x00007fffffa48000 	C:\WINDOWS\SYSTEM32\IPHLPAPI.DLL
0x00007ff8040d0000 - 0x00007ff8040d8000 	C:\WINDOWS\System32\NSI.dll
0x00007ffff4b00000 - 0x00007ffff4b16000 	C:\WINDOWS\SYSTEM32\dhcpcsvc6.DLL
0x00007ffff4bb0000 - 0x00007ffff4bca000 	C:\WINDOWS\SYSTEM32\dhcpcsvc.DLL

VM Arguments:
jvm_args: -Xmx1536m -Dfile.encoding=windows-1252 -Duser.country=IN -Duser.language=en -Duser.variant 
java_command: org.gradle.launcher.daemon.bootstrap.GradleDaemon 4.4
java_class_path (initial): C:\Users\User\.gradle\wrapper\dists\gradle-4.4-all\9br9xq1tocpiv8o6njlyu5op1\gradle-4.4\lib\gradle-launcher-4.4.jar
Launcher Type: SUN_STANDARD

Environment Variables:
JAVA_HOME=C:\Program Files\Java\jdk1.8.0_161
PATH=C:\Program Files (x86)\Intel\iCLS Client\;C:\Program Files (x86)\Common Files\Oracle\Java\javapath;C:\ProgramData\Oracle\Java\javapath;C:\Program Files\Intel\iCLS Client\;C:\WINDOWS\system32;C:\WINDOWS;C:\WINDOWS\System32\Wbem;C:\WINDOWS\System32\WindowsPowerShell\v1.0\;C:\Program Files (x86)\Brackets\command;C:\Users\User\AppData\Local\Microsoft\WindowsApps;C:\adb;C:\Program Files (x86)\Intel\Intel(R) Management Engine Components\DAL;C:\Program Files\Intel\Intel(R) Management Engine Components\DAL;C:\Program Files (x86)\Intel\Intel(R) Management Engine Components\IPT;C:\Program Files\Intel\Intel(R) Management Engine Components\IPT;%SystemRoot%\system32;%SystemRoot%;%SystemRoot%\System32\Wbem;%SYSTEMROOT%\System32\WindowsPowerShell\v1.0\;%SYSTEMROOT%\System32\OpenSSH\;C:\flutter\bin
USERNAME=User
OS=Windows_NT
PROCESSOR_IDENTIFIER=Intel64 Family 6 Model 78 Stepping 3, GenuineIntel



---------------  S Y S T E M  ---------------

OS: Windows 10.0 , 64 bit Build 17134 (10.0.17134.1)

CPU:total 4 (initial active 4) (2 cores per cpu, 2 threads per core) family 6 model 78 stepping 3, cmov, cx8, fxsr, mmx, sse, sse2, sse3, ssse3, sse4.1, sse4.2, popcnt, avx, avx2, aes, clmul, erms, 3dnowpref, lzcnt, ht, tsc, tscinvbit, bmi1, bmi2, adx

Memory: 4k page, physical 4061080k(316024k free), swap 6158232k(32728k free)

vm_info: Java HotSpot(TM) 64-Bit Server VM (25.161-b12) for windows-amd64 JRE (1.8.0_161-b12), built on Dec 19 2017 17:52:25 by "java_re" with MS VC++ 10.0 (VS2010)

time: Fri Jun 15 21:08:41 2018
elapsed time: 3926 seconds (0d 1h 5m 26s)

