#
# There is insufficient memory for the Java Runtime Environment to continue.
# Native memory allocation (malloc) failed to allocate 50000 bytes for Chunk::new
# Possible reasons:
#   The system is out of physical RAM or swap space
#   In 32 bit mode, the process size limit was hit
# Possible solutions:
#   Reduce memory load on the system
#   Increase physical memory or swap space
#   Check if swap backing store is full
#   Use 64 bit Java on a 64 bit OS
#   Decrease Java heap size (-Xmx/-Xms)
#   Decrease number of Java threads
#   Decrease Java thread stack sizes (-Xss)
#   Set larger code cache with -XX:ReservedCodeCacheSize=
# This output file may be truncated or incomplete.
#
#  Out of Memory Error (allocation.cpp:390), pid=6672, tid=0x0000000000003358
#
# JRE version: Java(TM) SE Runtime Environment (8.0_161-b12) (build 1.8.0_161-b12)
# Java VM: Java HotSpot(TM) 64-Bit Server VM (25.161-b12 mixed mode windows-amd64 compressed oops)
# Failed to write core dump. Minidumps are not enabled by default on client versions of Windows
#

---------------  T H R E A D  ---------------

Current thread (0x00000000165eb800):  JavaThread "C1 CompilerThread2" daemon [_thread_in_native, id=13144, stack(0x0000000017e30000,0x0000000017f30000)]

Stack: [0x0000000017e30000,0x0000000017f30000]
[error occurred during error reporting (printing stack bounds), id 0xc0000005]

Native frames: (J=compiled Java code, j=interpreted, Vv=VM code, C=native code)


Current CompileTask:
C1: 150035 13251       3       com.android.tools.r8.org.objectweb.asm.ClassReader::readCode (3575 bytes)


---------------  P R O C E S S  ---------------

Java Threads: ( => current thread )
  0x0000000018157000 JavaThread "pool-8-thread-2" [_thread_blocked, id=12924, stack(0x0000000029510000,0x0000000029610000)]
  0x0000000018156800 JavaThread "pool-8-thread-1" [_thread_blocked, id=4688, stack(0x0000000029410000,0x0000000029510000)]
  0x0000000018155800 JavaThread "pool-6-thread-2" [_thread_blocked, id=3968, stack(0x0000000029310000,0x0000000029410000)]
  0x000000001814c000 JavaThread "pool-6-thread-1" [_thread_blocked, id=2784, stack(0x0000000029210000,0x0000000029310000)]
  0x000000001814f800 JavaThread "pool-7-thread-2" [_thread_blocked, id=10856, stack(0x0000000029110000,0x0000000029210000)]
  0x000000001814f000 JavaThread "pool-7-thread-1" [_thread_in_vm, id=14968, stack(0x0000000029010000,0x0000000029110000)]
  0x0000000018152800 JavaThread "ForkJoinPool.commonPool-worker-0" daemon [_thread_in_native, id=14200, stack(0x0000000028f10000,0x0000000029010000)]
  0x000000001814c800 JavaThread "ForkJoinPool.commonPool-worker-3" daemon [_thread_blocked, id=2336, stack(0x0000000028e10000,0x0000000028f10000)]
  0x0000000018152000 JavaThread "ForkJoinPool.commonPool-worker-2" daemon [_thread_blocked, id=3316, stack(0x0000000028d10000,0x0000000028e10000)]
  0x000000001814e000 JavaThread "Cache worker for Java compile cache (C:\Users\User\AndroidStudioProjects\Calculator\.gradle\4.4\javaCompile)" [_thread_blocked, id=4076, stack(0x0000000028b10000,0x0000000028c10000)]
  0x000000001c8c8000 JavaThread "Task worker for ':' Thread 3" [_thread_blocked, id=12472, stack(0x0000000027010000,0x0000000027110000)]
  0x000000001c8c6000 JavaThread "Task worker for ':' Thread 2" [_thread_blocked, id=11268, stack(0x0000000026f10000,0x0000000027010000)]
  0x000000001c8c7800 JavaThread "Task worker for ':'" [_thread_blocked, id=14072, stack(0x0000000026e10000,0x0000000026f10000)]
  0x000000001c8ca800 JavaThread "Cache worker for Build Output Cleanup Cache (C:\Users\User\AndroidStudioProjects\Calculator\.gradle\buildOutputCleanup)" [_thread_blocked, id=4320, stack(0x0000000026d10000,0x0000000026e10000)]
  0x000000001c8c5000 JavaThread "Cache worker for task history cache (C:\Users\User\AndroidStudioProjects\Calculator\.gradle\4.4\taskHistory)" [_thread_blocked, id=10376, stack(0x0000000026c10000,0x0000000026d10000)]
  0x000000001c8c9800 JavaThread "Cache worker for file content cache (C:\Users\User\AndroidStudioProjects\Calculator\.gradle\4.4\fileContent)" [_thread_blocked, id=13320, stack(0x0000000026b10000,0x0000000026c10000)]
  0x000000001c8c6800 JavaThread "build operations Thread 4" [_thread_blocked, id=14992, stack(0x0000000026a10000,0x0000000026b10000)]
  0x000000001c8bd800 JavaThread "build operations Thread 3" [_thread_blocked, id=7900, stack(0x0000000026910000,0x0000000026a10000)]
  0x000000001c8c3000 JavaThread "build operations Thread 2" [_thread_blocked, id=14316, stack(0x0000000026810000,0x0000000026910000)]
  0x000000001c8c0000 JavaThread "build operations" [_thread_blocked, id=13488, stack(0x0000000026710000,0x0000000026810000)]
  0x000000001c8c1800 JavaThread "Cache worker for Artifact transforms cache (C:\Users\User\.gradle\caches\transforms-1)" [_thread_blocked, id=11020, stack(0x0000000026610000,0x0000000026710000)]
  0x000000001c8c4800 JavaThread "Cache worker for file hash cache (C:\Users\User\AndroidStudioProjects\Calculator\.gradle\4.4\fileHashes)" [_thread_blocked, id=260, stack(0x0000000026510000,0x0000000026610000)]
  0x000000001c8be800 JavaThread "Stdin handler" [_thread_blocked, id=9108, stack(0x0000000026410000,0x0000000026510000)]
  0x000000001c8bf000 JavaThread "Asynchronous log dispatcher for DefaultDaemonConnection: socket connection from /127.0.0.1:50667 to /127.0.0.1:50684" [_thread_blocked, id=7492, stack(0x0000000026310000,0x0000000026410000)]
  0x000000001c8c2000 JavaThread "Cancel handler" [_thread_blocked, id=2728, stack(0x0000000026210000,0x0000000026310000)]
  0x000000001c8c0800 JavaThread "Handler for socket connection from /127.0.0.1:50667 to /127.0.0.1:50684" [_thread_in_native, id=14472, stack(0x0000000026110000,0x0000000026210000)]
  0x0000000018150800 JavaThread "Memory manager" [_thread_blocked, id=5900, stack(0x0000000021010000,0x0000000021110000)]
  0x0000000018c66000 JavaThread "pool-1-thread-1" [_thread_blocked, id=15312, stack(0x0000000020d10000,0x0000000020e10000)]
  0x0000000018c63000 JavaThread "File lock request listener" [_thread_in_native, id=10728, stack(0x000000001b180000,0x000000001b280000)]
  0x0000000018c66800 JavaThread "Cache worker for file hash cache (C:\Users\User\.gradle\caches\4.4\fileHashes)" [_thread_blocked, id=10012, stack(0x000000001b080000,0x000000001b180000)]
  0x0000000019585000 JavaThread "Daemon worker" [_thread_blocked, id=2948, stack(0x000000001ab80000,0x000000001ac80000)]
  0x00000000194da800 JavaThread "Daemon" [_thread_blocked, id=5016, stack(0x000000001a680000,0x000000001a780000)]
  0x0000000019469000 JavaThread "Daemon periodic checks" [_thread_blocked, id=15160, stack(0x000000001a580000,0x000000001a680000)]
  0x0000000019445000 JavaThread "Incoming local TCP Connector on port 50667" [_thread_in_native, id=12560, stack(0x000000001a340000,0x000000001a440000)]
  0x00000000193d8800 JavaThread "Daemon health stats" [_thread_blocked, id=13656, stack(0x0000000019d00000,0x0000000019e00000)]
  0x0000000017f68800 JavaThread "Service Thread" daemon [_thread_blocked, id=8312, stack(0x0000000018330000,0x0000000018430000)]
=>0x00000000165eb800 JavaThread "C1 CompilerThread2" daemon [_thread_in_native, id=13144, stack(0x0000000017e30000,0x0000000017f30000)]
  0x00000000165e4000 JavaThread "C2 CompilerThread1" daemon [_thread_in_native, id=4136, stack(0x0000000017d30000,0x0000000017e30000)]
  0x00000000165e0000 JavaThread "C2 CompilerThread0" daemon [_thread_blocked, id=13220, stack(0x0000000017c30000,0x0000000017d30000)]
  0x00000000165dc000 JavaThread "Attach Listener" daemon [_thread_blocked, id=12116, stack(0x0000000017b30000,0x0000000017c30000)]
  0x00000000165db000 JavaThread "Signal Dispatcher" daemon [_thread_blocked, id=1368, stack(0x0000000017a30000,0x0000000017b30000)]
  0x0000000002c68800 JavaThread "Finalizer" daemon [_thread_blocked, id=13292, stack(0x0000000017840000,0x0000000017940000)]
  0x0000000002c63000 JavaThread "Reference Handler" daemon [_thread_blocked, id=14972, stack(0x0000000017740000,0x0000000017840000)]
  0x0000000000bae000 JavaThread "main" [_thread_blocked, id=13568, stack(0x0000000002a70000,0x0000000002b70000)]

Other Threads:
  0x00000000165a8000 VMThread [stack: 0x0000000017640000,0x0000000017740000] [id=4776]
  0x0000000017f72000 WatcherThread [stack: 0x0000000018430000,0x0000000018530000] [id=6180]

VM state:not at safepoint (normal execution)

VM Mutex/Monitor currently owned by a thread: None

Heap:
 PSYoungGen      total 260608K, used 97619K [0x00000000e0000000, 0x00000000f2c00000, 0x0000000100000000)
  eden space 232448K, 29% used [0x00000000e0000000,0x00000000e43dabc0,0x00000000ee300000)
  from space 28160K, 99% used [0x00000000f0400000,0x00000000f1f7a2b0,0x00000000f1f80000)
  to   space 33792K, 0% used [0x00000000ee300000,0x00000000ee300000,0x00000000f0400000)
 ParOldGen       total 101376K, used 46496K [0x00000000a0000000, 0x00000000a6300000, 0x00000000e0000000)
  object space 101376K, 45% used [0x00000000a0000000,0x00000000a2d68170,0x00000000a6300000)
 Metaspace       used 75811K, capacity 78644K, committed 78848K, reserved 1118208K
  class space    used 10015K, capacity 10671K, committed 10752K, reserved 1048576K

Card table byte_map: [0x0000000012030000,0x0000000012340000] byte_map_base: 0x0000000011b30000

Marking Bits: (ParMarkBitMap*) 0x000000006149f860
 Begin Bits: [0x0000000012940000, 0x0000000014140000)
 End Bits:   [0x0000000014140000, 0x0000000015940000)

Polling page: 0x00000000007f0000

CodeCache: size=245760Kb used=37639Kb max_used=37653Kb free=208120Kb
 bounds [0x0000000002c70000, 0x0000000005170000, 0x0000000011c70000]
 total_blobs=11958 nmethods=11120 adapters=749
 compilation: enabled

Compilation events (10 events):
Event: 149.808 Thread 0x00000000165eb800 nmethod 13248 0x0000000005145c10 code [0x0000000005145d60, 0x0000000005145f10]
Event: 149.808 Thread 0x00000000165eb800 13249       1       com.android.tools.r8.graph.DexProgramClass::isProgramClass (2 bytes)
Event: 149.809 Thread 0x00000000165eb800 nmethod 13249 0x0000000005145950 code [0x0000000005145aa0, 0x0000000005145bb0]
Event: 149.810 Thread 0x00000000165eb800 13251       3       com.android.tools.r8.org.objectweb.asm.ClassReader::readCode (3575 bytes)
Event: 149.815 Thread 0x00000000165e4000 nmethod 13250 0x0000000005144b10 code [0x0000000005144ca0, 0x00000000051453c8]
Event: 149.816 Thread 0x00000000165e4000 13254       4       com.android.tools.r8.org.objectweb.asm.ClassReader::readConst (259 bytes)
Event: 149.826 Thread 0x00000000165e4000 nmethod 13254 0x00000000051565d0 code [0x0000000005156880, 0x0000000005156df8]
Event: 149.828 Thread 0x00000000165e4000 13255       4       com.android.tools.r8.graph.IndexedDexItem::<init> (10 bytes)
Event: 149.828 Thread 0x00000000165e4000 nmethod 13255 0x00000000050a9e10 code [0x00000000050a9f40, 0x00000000050a9fb8]
Event: 149.830 Thread 0x00000000165e4000 13258       4       com.android.tools.r8.graph.JarApplicationReader::getTypeFromDescriptor (38 bytes)

GC Heap History (10 events):
Event: 32.217 GC heap before
{Heap before GC invocations=13 (full 2):
 PSYoungGen      total 175104K, used 120303K [0x00000000e0000000, 0x00000000ec780000, 0x0000000100000000)
  eden space 158208K, 65% used [0x00000000e0000000,0x00000000e64fc720,0x00000000e9a80000)
  from space 16896K, 99% used [0x00000000eaf00000,0x00000000ebf7f580,0x00000000ebf80000)
  to   space 20992K, 0% used [0x00000000e9a80000,0x00000000e9a80000,0x00000000eaf00000)
 ParOldGen       total 62464K, used 22412K [0x00000000a0000000, 0x00000000a3d00000, 0x00000000e0000000)
  object space 62464K, 35% used [0x00000000a0000000,0x00000000a15e3038,0x00000000a3d00000)
 Metaspace       used 57146K, capacity 58964K, committed 59136K, reserved 1099776K
  class space    used 8012K, capacity 8439K, committed 8448K, reserved 1048576K
Event: 32.289 GC heap after
Heap after GC invocations=13 (full 2):
 PSYoungGen      total 179200K, used 20965K [0x00000000e0000000, 0x00000000f0480000, 0x0000000100000000)
  eden space 158208K, 0% used [0x00000000e0000000,0x00000000e0000000,0x00000000e9a80000)
  from space 20992K, 99% used [0x00000000e9a80000,0x00000000eaef9510,0x00000000eaf00000)
  to   space 26624K, 0% used [0x00000000eea80000,0x00000000eea80000,0x00000000f0480000)
 ParOldGen       total 62464K, used 28899K [0x00000000a0000000, 0x00000000a3d00000, 0x00000000e0000000)
  object space 62464K, 46% used [0x00000000a0000000,0x00000000a1c38d70,0x00000000a3d00000)
 Metaspace       used 57146K, capacity 58964K, committed 59136K, reserved 1099776K
  class space    used 8012K, capacity 8439K, committed 8448K, reserved 1048576K
}
Event: 32.289 GC heap before
{Heap before GC invocations=14 (full 3):
 PSYoungGen      total 179200K, used 20965K [0x00000000e0000000, 0x00000000f0480000, 0x0000000100000000)
  eden space 158208K, 0% used [0x00000000e0000000,0x00000000e0000000,0x00000000e9a80000)
  from space 20992K, 99% used [0x00000000e9a80000,0x00000000eaef9510,0x00000000eaf00000)
  to   space 26624K, 0% used [0x00000000eea80000,0x00000000eea80000,0x00000000f0480000)
 ParOldGen       total 62464K, used 28899K [0x00000000a0000000, 0x00000000a3d00000, 0x00000000e0000000)
  object space 62464K, 46% used [0x00000000a0000000,0x00000000a1c38d70,0x00000000a3d00000)
 Metaspace       used 57146K, capacity 58964K, committed 59136K, reserved 1099776K
  class space    used 8012K, capacity 8439K, committed 8448K, reserved 1048576K
Event: 32.784 GC heap after
Heap after GC invocations=14 (full 3):
 PSYoungGen      total 179200K, used 0K [0x00000000e0000000, 0x00000000f0480000, 0x0000000100000000)
  eden space 158208K, 0% used [0x00000000e0000000,0x00000000e0000000,0x00000000e9a80000)
  from space 20992K, 0% used [0x00000000e9a80000,0x00000000e9a80000,0x00000000eaf00000)
  to   space 26624K, 0% used [0x00000000eea80000,0x00000000eea80000,0x00000000f0480000)
 ParOldGen       total 101376K, used 42772K [0x00000000a0000000, 0x00000000a6300000, 0x00000000e0000000)
  object space 101376K, 42% used [0x00000000a0000000,0x00000000a29c53e8,0x00000000a6300000)
 Metaspace       used 57146K, capacity 58964K, committed 59136K, reserved 1099776K
  class space    used 8012K, capacity 8439K, committed 8448K, reserved 1048576K
}
Event: 59.109 GC heap before
{Heap before GC invocations=15 (full 3):
 PSYoungGen      total 179200K, used 158208K [0x00000000e0000000, 0x00000000f0480000, 0x0000000100000000)
  eden space 158208K, 100% used [0x00000000e0000000,0x00000000e9a80000,0x00000000e9a80000)
  from space 20992K, 0% used [0x00000000e9a80000,0x00000000e9a80000,0x00000000eaf00000)
  to   space 26624K, 0% used [0x00000000eea80000,0x00000000eea80000,0x00000000f0480000)
 ParOldGen       total 101376K, used 42772K [0x00000000a0000000, 0x00000000a6300000, 0x00000000e0000000)
  object space 101376K, 42% used [0x00000000a0000000,0x00000000a29c53e8,0x00000000a6300000)
 Metaspace       used 63887K, capacity 65954K, committed 66048K, reserved 1105920K
  class space    used 8715K, capacity 9208K, committed 9216K, reserved 1048576K
Event: 59.164 GC heap after
Heap after GC invocations=15 (full 3):
 PSYoungGen      total 215552K, used 18079K [0x00000000e0000000, 0x00000000efc80000, 0x0000000100000000)
  eden space 197120K, 0% used [0x00000000e0000000,0x00000000e0000000,0x00000000ec080000)
  from space 18432K, 98% used [0x00000000eea80000,0x00000000efc27e80,0x00000000efc80000)
  to   space 27648K, 0% used [0x00000000ec680000,0x00000000ec680000,0x00000000ee180000)
 ParOldGen       total 101376K, used 42780K [0x00000000a0000000, 0x00000000a6300000, 0x00000000e0000000)
  object space 101376K, 42% used [0x00000000a0000000,0x00000000a29c73e8,0x00000000a6300000)
 Metaspace       used 63887K, capacity 65954K, committed 66048K, reserved 1105920K
  class space    used 8715K, capacity 9208K, committed 9216K, reserved 1048576K
}
Event: 117.644 GC heap before
{Heap before GC invocations=16 (full 3):
 PSYoungGen      total 215552K, used 215199K [0x00000000e0000000, 0x00000000efc80000, 0x0000000100000000)
  eden space 197120K, 100% used [0x00000000e0000000,0x00000000ec080000,0x00000000ec080000)
  from space 18432K, 98% used [0x00000000eea80000,0x00000000efc27e80,0x00000000efc80000)
  to   space 27648K, 0% used [0x00000000ec680000,0x00000000ec680000,0x00000000ee180000)
 ParOldGen       total 101376K, used 42780K [0x00000000a0000000, 0x00000000a6300000, 0x00000000e0000000)
  object space 101376K, 42% used [0x00000000a0000000,0x00000000a29c73e8,0x00000000a6300000)
 Metaspace       used 66857K, capacity 69166K, committed 69248K, reserved 1110016K
  class space    used 8985K, capacity 9534K, committed 9600K, reserved 1048576K
Event: 117.680 GC heap after
Heap after GC invocations=16 (full 3):
 PSYoungGen      total 230912K, used 17907K [0x00000000e0000000, 0x00000000f1f80000, 0x0000000100000000)
  eden space 203264K, 0% used [0x00000000e0000000,0x00000000e0000000,0x00000000ec680000)
  from space 27648K, 64% used [0x00000000ec680000,0x00000000ed7fccf8,0x00000000ee180000)
  to   space 28160K, 0% used [0x00000000f0400000,0x00000000f0400000,0x00000000f1f80000)
 ParOldGen       total 101376K, used 42788K [0x00000000a0000000, 0x00000000a6300000, 0x00000000e0000000)
  object space 101376K, 42% used [0x00000000a0000000,0x00000000a29c93e8,0x00000000a6300000)
 Metaspace       used 66857K, capacity 69166K, committed 69248K, reserved 1110016K
  class space    used 8985K, capacity 9534K, committed 9600K, reserved 1048576K
}
Event: 140.822 GC heap before
{Heap before GC invocations=17 (full 3):
 PSYoungGen      total 230912K, used 221171K [0x00000000e0000000, 0x00000000f1f80000, 0x0000000100000000)
  eden space 203264K, 100% used [0x00000000e0000000,0x00000000ec680000,0x00000000ec680000)
  from space 27648K, 64% used [0x00000000ec680000,0x00000000ed7fccf8,0x00000000ee180000)
  to   space 28160K, 0% used [0x00000000f0400000,0x00000000f0400000,0x00000000f1f80000)
 ParOldGen       total 101376K, used 42788K [0x00000000a0000000, 0x00000000a6300000, 0x00000000e0000000)
  object space 101376K, 42% used [0x00000000a0000000,0x00000000a29c93e8,0x00000000a6300000)
 Metaspace       used 72212K, capacity 74714K, committed 74752K, reserved 1114112K
  class space    used 9625K, capacity 10236K, committed 10240K, reserved 1048576K
Event: 140.876 GC heap after
Heap after GC invocations=17 (full 3):
 PSYoungGen      total 260608K, used 28136K [0x00000000e0000000, 0x00000000f2c00000, 0x0000000100000000)
  eden space 232448K, 0% used [0x00000000e0000000,0x00000000e0000000,0x00000000ee300000)
  from space 28160K, 99% used [0x00000000f0400000,0x00000000f1f7a2b0,0x00000000f1f80000)
  to   space 33792K, 0% used [0x00000000ee300000,0x00000000ee300000,0x00000000f0400000)
 ParOldGen       total 101376K, used 46496K [0x00000000a0000000, 0x00000000a6300000, 0x00000000e0000000)
  object space 101376K, 45% used [0x00000000a0000000,0x00000000a2d68170,0x00000000a6300000)
 Metaspace       used 72212K, capacity 74714K, committed 74752K, reserved 1114112K
  class space    used 9625K, capacity 10236K, committed 10240K, reserved 1048576K
}

Deoptimization events (10 events):
Event: 147.052 Thread 0x000000001c8c7800 Uncommon trap: reason=class_check action=maybe_recompile pc=0x0000000003c06850 method=java.lang.AbstractStringBuilder.append(Ljava/lang/CharSequence;)Ljava/lang/AbstractStringBuilder; @ 26
Event: 147.052 Thread 0x000000001c8c7800 Uncommon trap: reason=class_check action=maybe_recompile pc=0x00000000038077ec method=java.lang.AbstractStringBuilder.append(Ljava/lang/CharSequence;II)Ljava/lang/AbstractStringBuilder; @ 18
Event: 147.429 Thread 0x0000000018152800 Uncommon trap: reason=unstable_if action=reinterpret pc=0x00000000034abcdc method=java.util.regex.Pattern.has(I)Z @ 6
Event: 147.475 Thread 0x0000000018152800 Uncommon trap: reason=unstable_if action=reinterpret pc=0x0000000003ce7b14 method=sun.nio.fs.WindowsPathParser.isSlash(C)Z @ 9
Event: 147.475 Thread 0x0000000018152000 Uncommon trap: reason=unstable_if action=reinterpret pc=0x0000000003ce7b14 method=sun.nio.fs.WindowsPathParser.isSlash(C)Z @ 9
Event: 147.475 Thread 0x000000001814c800 Uncommon trap: reason=unstable_if action=reinterpret pc=0x0000000003ce7b14 method=sun.nio.fs.WindowsPathParser.isSlash(C)Z @ 9
Event: 147.475 Thread 0x0000000018152000 Uncommon trap: reason=unstable_if action=reinterpret pc=0x0000000002e857b8 method=sun.nio.fs.WindowsPathParser.isSlash(C)Z @ 9
Event: 147.475 Thread 0x0000000018152800 Uncommon trap: reason=unstable_if action=reinterpret pc=0x0000000002e857b8 method=sun.nio.fs.WindowsPathParser.isSlash(C)Z @ 9
Event: 149.225 Thread 0x000000001814f000 Uncommon trap: reason=unstable_if action=reinterpret pc=0x000000000311299c method=java.util.concurrent.ConcurrentHashMap.addCount(JI)V @ 34
Event: 149.829 Thread 0x000000001814f000 Uncommon trap: reason=unstable_if action=reinterpret pc=0x00000000051318e0 method=com.android.tools.r8.org.objectweb.asm.ClassReader.readUTF(II[C)Ljava/lang/String; @ 77

Classes redefined (0 events):
No events

Internal exceptions (10 events):
Event: 147.108 Thread 0x000000001c8c7800 Exception <a 'sun/nio/fs/WindowsException'> (0x00000000e2f23c18) thrown at [C:\re\workspace\8-2-build-windows-amd64-cygwin\jdk8u161\10277\hotspot\src\share\vm\prims\jni.cpp, line 709]
Event: 147.194 Thread 0x000000001c8c7800 Exception <a 'sun/nio/fs/WindowsException'> (0x00000000e2fb4820) thrown at [C:\re\workspace\8-2-build-windows-amd64-cygwin\jdk8u161\10277\hotspot\src\share\vm\prims\jni.cpp, line 709]
Event: 147.267 Thread 0x000000001c8c7800 Exception <a 'sun/nio/fs/WindowsException'> (0x00000000e302fb18) thrown at [C:\re\workspace\8-2-build-windows-amd64-cygwin\jdk8u161\10277\hotspot\src\share\vm\prims\jni.cpp, line 709]
Event: 147.407 Thread 0x000000001814c800 Exception <a 'java/lang/NoSuchMethodError': java.lang.Object.lambda$and$0(Ljava/util/function/Predicate;Ljava/lang/Object;)Z> (0x00000000e3124be8) thrown at [C:\re\workspace\8-2-build-windows-amd64-cygwin\jdk8u161\10277\hotspot\src\share\vm\interpreter\li
Event: 147.407 Thread 0x0000000018152000 Exception <a 'java/lang/NoSuchMethodError': java.lang.Object.lambda$and$0(Ljava/util/function/Predicate;Ljava/lang/Object;)Z> (0x00000000e31a35b0) thrown at [C:\re\workspace\8-2-build-windows-amd64-cygwin\jdk8u161\10277\hotspot\src\share\vm\interpreter\li
Event: 147.407 Thread 0x0000000018152800 Exception <a 'java/lang/NoSuchMethodError': java.lang.Object.lambda$and$0(Ljava/util/function/Predicate;Ljava/lang/Object;)Z> (0x00000000e316cf08) thrown at [C:\re\workspace\8-2-build-windows-amd64-cygwin\jdk8u161\10277\hotspot\src\share\vm\interpreter\li
Event: 147.472 Thread 0x0000000018152800 Exception <a 'java/lang/NoSuchMethodError': java.lang.Object.lambda$static$0(Ljava/lang/String;)Z> (0x00000000e3178af0) thrown at [C:\re\workspace\8-2-build-windows-amd64-cygwin\jdk8u161\10277\hotspot\src\share\vm\interpreter\linkResolver.cpp, line 620]
Event: 148.118 Thread 0x0000000018152800 Exception <a 'sun/nio/fs/WindowsException'> (0x00000000e3544ba8) thrown at [C:\re\workspace\8-2-build-windows-amd64-cygwin\jdk8u161\10277\hotspot\src\share\vm\prims\jni.cpp, line 709]
Event: 148.120 Thread 0x000000001814c800 Exception <a 'sun/nio/fs/WindowsException'> (0x00000000e35795f8) thrown at [C:\re\workspace\8-2-build-windows-amd64-cygwin\jdk8u161\10277\hotspot\src\share\vm\prims\jni.cpp, line 709]
Event: 148.121 Thread 0x0000000018152000 Exception <a 'sun/nio/fs/WindowsException'> (0x00000000e35c2820) thrown at [C:\re\workspace\8-2-build-windows-amd64-cygwin\jdk8u161\10277\hotspot\src\share\vm\prims\jni.cpp, line 709]

Events (10 events):
Event: 149.518 loading class com/android/tools/r8/graph/DexEncodedArray done
Event: 149.520 loading class com/android/tools/r8/com/google/common/base/MoreObjects
Event: 149.520 loading class com/android/tools/r8/com/google/common/base/MoreObjects done
Event: 149.581 loading class com/android/tools/r8/graph/DexValue$DexValueNull
Event: 149.581 loading class com/android/tools/r8/graph/DexValue$DexValueNull done
Event: 149.829 Thread 0x000000001814f000 Uncommon trap: trap_request=0xffffff65 fr.pc=0x00000000051318e0
Event: 149.829 Thread 0x000000001814f000 DEOPT PACKING pc=0x00000000051318e0 sp=0x000000002910ea70
Event: 149.829 Thread 0x000000001814f000 DEOPT UNPACKING pc=0x0000000002cb583b sp=0x000000002910e998 mode 2
Event: 149.833 Thread 0x000000001814f000 Uncommon trap: trap_request=0x00000073 fr.pc=0x0000000005156c5c
Event: 149.846 Thread 0x0000000018156800 Uncommon trap: trap_request=0xffffff65 fr.pc=0x000000000389f600


Dynamic libraries:
0x00007ff7a7160000 - 0x00007ff7a7197000 	C:\Program Files\Java\jdk1.8.0_161\bin\java.exe
0x00007fff55830000 - 0x00007fff55a11000 	C:\WINDOWS\SYSTEM32\ntdll.dll
0x00007fff541c0000 - 0x00007fff54272000 	C:\WINDOWS\System32\KERNEL32.DLL
0x00007fff528a0000 - 0x00007fff52b13000 	C:\WINDOWS\System32\KERNELBASE.dll
0x00007fff53a90000 - 0x00007fff53b31000 	C:\WINDOWS\System32\ADVAPI32.dll
0x00007fff54120000 - 0x00007fff541be000 	C:\WINDOWS\System32\msvcrt.dll
0x00007fff53150000 - 0x00007fff531ab000 	C:\WINDOWS\System32\sechost.dll
0x00007fff53fb0000 - 0x00007fff540d4000 	C:\WINDOWS\System32\RPCRT4.dll
0x00007fff52e20000 - 0x00007fff52fb0000 	C:\WINDOWS\System32\USER32.dll
0x00007fff51f70000 - 0x00007fff51f90000 	C:\WINDOWS\System32\win32u.dll
0x00007fff557d0000 - 0x00007fff557f8000 	C:\WINDOWS\System32\GDI32.dll
0x00007fff51f90000 - 0x00007fff52122000 	C:\WINDOWS\System32\gdi32full.dll
0x00007fff52c20000 - 0x00007fff52cbf000 	C:\WINDOWS\System32\msvcp_win.dll
0x00007fff51c80000 - 0x00007fff51d7a000 	C:\WINDOWS\System32\ucrtbase.dll
0x00007fff41b20000 - 0x00007fff41d89000 	C:\WINDOWS\WinSxS\amd64_microsoft.windows.common-controls_6595b64144ccf1df_6.0.17134.112_none_fb3f961b30681c12\COMCTL32.dll
0x00007fff53600000 - 0x00007fff53923000 	C:\WINDOWS\System32\combase.dll
0x00007fff51c00000 - 0x00007fff51c7a000 	C:\WINDOWS\System32\bcryptPrimitives.dll
0x00007fff540f0000 - 0x00007fff5411d000 	C:\WINDOWS\System32\IMM32.DLL
0x0000000061520000 - 0x00000000615f2000 	C:\Program Files\Java\jdk1.8.0_161\jre\bin\msvcr100.dll
0x0000000060c80000 - 0x000000006151f000 	C:\Program Files\Java\jdk1.8.0_161\jre\bin\server\jvm.dll
0x00007fff53d80000 - 0x00007fff53d88000 	C:\WINDOWS\System32\PSAPI.DLL
0x00007fff49f50000 - 0x00007fff49f73000 	C:\WINDOWS\SYSTEM32\WINMM.dll
0x00007fff3d340000 - 0x00007fff3d349000 	C:\WINDOWS\SYSTEM32\WSOCK32.dll
0x00007fff41e70000 - 0x00007fff41e7a000 	C:\WINDOWS\SYSTEM32\VERSION.dll
0x00007fff52fb0000 - 0x00007fff5301c000 	C:\WINDOWS\System32\WS2_32.dll
0x00007fff49f20000 - 0x00007fff49f4a000 	C:\WINDOWS\SYSTEM32\winmmbase.dll
0x00007fff52bd0000 - 0x00007fff52c19000 	C:\WINDOWS\System32\cfgmgr32.dll
0x00000000630b0000 - 0x00000000630bf000 	C:\Program Files\Java\jdk1.8.0_161\jre\bin\verify.dll
0x0000000063080000 - 0x00000000630a9000 	C:\Program Files\Java\jdk1.8.0_161\jre\bin\java.dll
0x0000000063060000 - 0x0000000063076000 	C:\Program Files\Java\jdk1.8.0_161\jre\bin\zip.dll
0x00007fff54390000 - 0x00007fff557d0000 	C:\WINDOWS\System32\SHELL32.dll
0x00007fff542e0000 - 0x00007fff54389000 	C:\WINDOWS\System32\shcore.dll
0x00007fff52190000 - 0x00007fff5289d000 	C:\WINDOWS\System32\windows.storage.dll
0x00007fff53a30000 - 0x00007fff53a81000 	C:\WINDOWS\System32\shlwapi.dll
0x00007fff51be0000 - 0x00007fff51bf1000 	C:\WINDOWS\System32\kernel.appcore.dll
0x00007fff51b40000 - 0x00007fff51b5f000 	C:\WINDOWS\System32\profapi.dll
0x00007fff51b60000 - 0x00007fff51bac000 	C:\WINDOWS\System32\powrprof.dll
0x00007fff51bd0000 - 0x00007fff51bda000 	C:\WINDOWS\System32\FLTLIB.DLL
0x0000000063040000 - 0x000000006305a000 	C:\Program Files\Java\jdk1.8.0_161\jre\bin\net.dll
0x00007fff51360000 - 0x00007fff513c6000 	C:\WINDOWS\system32\mswsock.dll
0x0000000063020000 - 0x0000000063031000 	C:\Program Files\Java\jdk1.8.0_161\jre\bin\nio.dll
0x00007fff4c870000 - 0x00007fff4c88e000 	C:\Users\User\.gradle\native\25\windows-amd64\native-platform.dll
0x0000000061fb0000 - 0x0000000061fbd000 	C:\Program Files\Java\jdk1.8.0_161\jre\bin\management.dll
0x00007fff51510000 - 0x00007fff51527000 	C:\WINDOWS\SYSTEM32\CRYPTSP.dll
0x00007fff50f40000 - 0x00007fff50f73000 	C:\WINDOWS\system32\rsaenh.dll
0x00007fff51640000 - 0x00007fff51665000 	C:\WINDOWS\SYSTEM32\bcrypt.dll
0x00007fff51a70000 - 0x00007fff51a98000 	C:\WINDOWS\SYSTEM32\USERENV.dll
0x00007fff51530000 - 0x00007fff5153b000 	C:\WINDOWS\SYSTEM32\CRYPTBASE.dll
0x00007fff510e0000 - 0x00007fff51118000 	C:\WINDOWS\SYSTEM32\IPHLPAPI.DLL
0x00007fff53a20000 - 0x00007fff53a28000 	C:\WINDOWS\System32\NSI.dll
0x00007fff4c100000 - 0x00007fff4c116000 	C:\WINDOWS\SYSTEM32\dhcpcsvc6.DLL
0x00007fff4c1b0000 - 0x00007fff4c1ca000 	C:\WINDOWS\SYSTEM32\dhcpcsvc.DLL
0x00007fff50c30000 - 0x00007fff50c61000 	C:\WINDOWS\SYSTEM32\ntmarta.dll

VM Arguments:
jvm_args: -Xmx1536m -Dfile.encoding=windows-1252 -Duser.country=IN -Duser.language=en -Duser.variant 
java_command: org.gradle.launcher.daemon.bootstrap.GradleDaemon 4.4
java_class_path (initial): C:\Users\User\.gradle\wrapper\dists\gradle-4.4-all\9br9xq1tocpiv8o6njlyu5op1\gradle-4.4\lib\gradle-launcher-4.4.jar
Launcher Type: SUN_STANDARD

Environment Variables:
JAVA_HOME=C:\Program Files\Java\jdk1.8.0_161
PATH=C:\Program Files (x86)\Intel\iCLS Client\;C:\Program Files (x86)\Common Files\Oracle\Java\javapath;C:\ProgramData\Oracle\Java\javapath;C:\Program Files\Intel\iCLS Client\;C:\WINDOWS\system32;C:\WINDOWS;C:\WINDOWS\System32\Wbem;C:\WINDOWS\System32\WindowsPowerShell\v1.0\;C:\Program Files (x86)\Brackets\command;C:\Users\User\AppData\Local\Microsoft\WindowsApps;C:\adb;C:\Program Files (x86)\Intel\Intel(R) Management Engine Components\DAL;C:\Program Files\Intel\Intel(R) Management Engine Components\DAL;C:\Program Files (x86)\Intel\Intel(R) Management Engine Components\IPT;C:\Program Files\Intel\Intel(R) Management Engine Components\IPT;%SystemRoot%\system32;%SystemRoot%;%SystemRoot%\System32\Wbem;%SYSTEMROOT%\System32\WindowsPowerShell\v1.0\;%SYSTEMROOT%\System32\OpenSSH\;C:\flutter\bin
USERNAME=User
OS=Windows_NT
PROCESSOR_IDENTIFIER=Intel64 Family 6 Model 78 Stepping 3, GenuineIntel



---------------  S Y S T E M  ---------------

OS: Windows 10.0 , 64 bit Build 17134 (10.0.17134.1)

CPU:total 4 (initial active 4) (2 cores per cpu, 2 threads per core) family 6 model 78 stepping 3, cmov, cx8, fxsr, mmx, sse, sse2, sse3, ssse3, sse4.1, sse4.2, popcnt, avx, avx2, aes, clmul, erms, 3dnowpref, lzcnt, ht, tsc, tscinvbit, bmi1, bmi2, adx

Memory: 4k page, physical 4061080k(317116k free), swap 6158232k(0k free)

vm_info: Java HotSpot(TM) 64-Bit Server VM (25.161-b12) for windows-amd64 JRE (1.8.0_161-b12), built on Dec 19 2017 17:52:25 by "java_re" with MS VC++ 10.0 (VS2010)

time: Sat Jun 16 17:25:13 2018
elapsed time: 150 seconds (0d 0h 2m 30s)

