#
# There is insufficient memory for the Java Runtime Environment to continue.
# Native memory allocation (malloc) failed to allocate 1651536 bytes for Chunk::new
# Possible reasons:
#   The system is out of physical RAM or swap space
#   In 32 bit mode, the process size limit was hit
# Possible solutions:
#   Reduce memory load on the system
#   Increase physical memory or swap space
#   Check if swap backing store is full
#   Use 64 bit Java on a 64 bit OS
#   Decrease Java heap size (-Xmx/-Xms)
#   Decrease number of Java threads
#   Decrease Java thread stack sizes (-Xss)
#   Set larger code cache with -XX:ReservedCodeCacheSize=
# This output file may be truncated or incomplete.
#
#  Out of Memory Error (allocation.cpp:390), pid=5180, tid=0x00000000000038e8
#
# JRE version: Java(TM) SE Runtime Environment (8.0_161-b12) (build 1.8.0_161-b12)
# Java VM: Java HotSpot(TM) 64-Bit Server VM (25.161-b12 mixed mode windows-amd64 compressed oops)
# Failed to write core dump. Minidumps are not enabled by default on client versions of Windows
#

---------------  T H R E A D  ---------------

Current thread (0x00000000164c4000):  JavaThread "C2 CompilerThread1" daemon [_thread_in_native, id=14568, stack(0x0000000017c20000,0x0000000017d20000)]

Stack: [0x0000000017c20000,0x0000000017d20000]
[error occurred during error reporting (printing stack bounds), id 0xc0000005]

Native frames: (J=compiled Java code, j=interpreted, Vv=VM code, C=native code)


Current CompileTask:
C2:1753264 21025 %     4       com.android.tools.r8.ir.regalloc.LinearScanRegisterAllocator::allocateSingleInterval @ 368 (807 bytes)


---------------  P R O C E S S  ---------------

Java Threads: ( => current thread )
  0x000000002325d800 JavaThread "ForkJoinPool.commonPool-worker-3" daemon [_thread_blocked, id=5236, stack(0x000000003a9d0000,0x000000003aad0000)]
  0x00000000191e3000 JavaThread "ForkJoinPool.commonPool-worker-2" daemon [_thread_in_native, id=13844, stack(0x000000003a7d0000,0x000000003a8d0000)]
  0x000000001d7d0000 JavaThread "ForkJoinPool.commonPool-worker-0" daemon [_thread_blocked, id=13540, stack(0x000000003a5d0000,0x000000003a6d0000)]
  0x000000002325d000 JavaThread "Cache worker for Java compile cache (C:\Users\User\AndroidStudioProjects\Calculator\.gradle\4.4\javaCompile)" [_thread_blocked, id=8220, stack(0x000000003a4d0000,0x000000003a5d0000)]
  0x000000001d7ce800 JavaThread "Task worker for ':' Thread 3" [_thread_blocked, id=6224, stack(0x00000000389d0000,0x0000000038ad0000)]
  0x000000001d7cd800 JavaThread "Task worker for ':' Thread 2" [_thread_blocked, id=9068, stack(0x00000000388d0000,0x00000000389d0000)]
  0x000000001d7cf000 JavaThread "Task worker for ':'" [_thread_blocked, id=6392, stack(0x00000000387d0000,0x00000000388d0000)]
  0x000000001d7d0800 JavaThread "Cache worker for Build Output Cleanup Cache (C:\Users\User\AndroidStudioProjects\Calculator\.gradle\buildOutputCleanup)" [_thread_blocked, id=13136, stack(0x00000000386d0000,0x00000000387d0000)]
  0x000000001d7cc000 JavaThread "Cache worker for task history cache (C:\Users\User\AndroidStudioProjects\Calculator\.gradle\4.4\taskHistory)" [_thread_blocked, id=5260, stack(0x00000000385d0000,0x00000000386d0000)]
  0x000000001d7d2000 JavaThread "Cache worker for file content cache (C:\Users\User\AndroidStudioProjects\Calculator\.gradle\4.4\fileContent)" [_thread_blocked, id=10156, stack(0x00000000384d0000,0x00000000385d0000)]
  0x000000002325b800 JavaThread "build operations Thread 4" [_thread_blocked, id=12392, stack(0x00000000383d0000,0x00000000384d0000)]
  0x000000002325c000 JavaThread "build operations Thread 3" [_thread_blocked, id=6436, stack(0x00000000382d0000,0x00000000383d0000)]
  0x000000001d0b5800 JavaThread "build operations Thread 2" [_thread_blocked, id=5252, stack(0x00000000381d0000,0x00000000382d0000)]
  0x000000001d0b5000 JavaThread "build operations" [_thread_blocked, id=4332, stack(0x00000000380d0000,0x00000000381d0000)]
  0x000000001d0b7000 JavaThread "Cache worker for Artifact transforms cache (C:\Users\User\.gradle\caches\transforms-1)" [_thread_blocked, id=4576, stack(0x0000000037fd0000,0x00000000380d0000)]
  0x000000001d119800 JavaThread "Cache worker for file hash cache (C:\Users\User\AndroidStudioProjects\Calculator\.gradle\4.4\fileHashes)" [_thread_blocked, id=14448, stack(0x0000000037ed0000,0x0000000037fd0000)]
  0x000000001d118800 JavaThread "Stdin handler" [_thread_blocked, id=6200, stack(0x0000000037dd0000,0x0000000037ed0000)]
  0x000000001d118000 JavaThread "Asynchronous log dispatcher for DefaultDaemonConnection: socket connection from /127.0.0.1:54220 to /127.0.0.1:54642" [_thread_blocked, id=15052, stack(0x0000000037cd0000,0x0000000037dd0000)]
  0x000000001d11a000 JavaThread "Daemon worker Thread 10" [_thread_blocked, id=4732, stack(0x0000000037bd0000,0x0000000037cd0000)]
  0x000000001d117000 JavaThread "Cancel handler" [_thread_blocked, id=13656, stack(0x0000000037ad0000,0x0000000037bd0000)]
  0x000000001d0b6800 JavaThread "Handler for socket connection from /127.0.0.1:54220 to /127.0.0.1:54642" [_thread_in_native, id=1540, stack(0x00000000379d0000,0x0000000037ad0000)]
  0x000000002325e800 JavaThread "Daemon Thread 10" [_thread_blocked, id=8476, stack(0x00000000378d0000,0x00000000379d0000)]
  0x0000000018d2c000 JavaThread "Memory manager" [_thread_blocked, id=1516, stack(0x0000000020cd0000,0x0000000020dd0000)]
  0x0000000018d2e800 JavaThread "pool-1-thread-1" [_thread_blocked, id=7256, stack(0x00000000209d0000,0x0000000020ad0000)]
  0x00000000191e0800 JavaThread "File lock request listener" [_thread_in_native, id=9864, stack(0x000000001b070000,0x000000001b170000)]
  0x00000000191dc000 JavaThread "Cache worker for file hash cache (C:\Users\User\.gradle\caches\4.4\fileHashes)" [_thread_blocked, id=8996, stack(0x000000001af70000,0x000000001b070000)]
  0x00000000191db000 JavaThread "Daemon periodic checks" [_thread_blocked, id=15716, stack(0x000000001a470000,0x000000001a570000)]
  0x00000000191d0800 JavaThread "Incoming local TCP Connector on port 54220" [_thread_in_native, id=12548, stack(0x000000001a230000,0x000000001a330000)]
  0x0000000018dc3000 JavaThread "Daemon health stats" [_thread_blocked, id=12020, stack(0x0000000019bf0000,0x0000000019cf0000)]
  0x0000000017e5a800 JavaThread "Service Thread" daemon [_thread_blocked, id=10532, stack(0x0000000018220000,0x0000000018320000)]
  0x00000000164c7000 JavaThread "C1 CompilerThread2" daemon [_thread_blocked, id=5420, stack(0x0000000017d20000,0x0000000017e20000)]
=>0x00000000164c4000 JavaThread "C2 CompilerThread1" daemon [_thread_in_native, id=14568, stack(0x0000000017c20000,0x0000000017d20000)]
  0x00000000164c0000 JavaThread "C2 CompilerThread0" daemon [_thread_in_native, id=15104, stack(0x0000000017b20000,0x0000000017c20000)]
  0x00000000164bc800 JavaThread "Attach Listener" daemon [_thread_blocked, id=4988, stack(0x0000000017a20000,0x0000000017b20000)]
  0x00000000164bb000 JavaThread "Signal Dispatcher" daemon [_thread_blocked, id=4928, stack(0x0000000017920000,0x0000000017a20000)]
  0x0000000002b4d000 JavaThread "Finalizer" daemon [_thread_blocked, id=14492, stack(0x0000000017730000,0x0000000017830000)]
  0x0000000002b42800 JavaThread "Reference Handler" daemon [_thread_blocked, id=9848, stack(0x0000000017630000,0x0000000017730000)]
  0x00000000028fe000 JavaThread "main" [_thread_blocked, id=3452, stack(0x0000000002950000,0x0000000002a50000)]

Other Threads:
  0x0000000016488000 VMThread [stack: 0x0000000017530000,0x0000000017630000] [id=7200]
  0x0000000017e5b000 WatcherThread [stack: 0x0000000018320000,0x0000000018420000] [id=2356]

VM state:not at safepoint (normal execution)

VM Mutex/Monitor currently owned by a thread: None

Heap:
 PSYoungGen      total 169984K, used 29322K [0x00000000e0000000, 0x00000000eed00000, 0x0000000100000000)
  eden space 110080K, 25% used [0x00000000e0000000,0x00000000e1ae5668,0x00000000e6b80000)
  from space 59904K, 2% used [0x00000000e6b80000,0x00000000e6d3d3c0,0x00000000ea600000)
  to   space 59392K, 0% used [0x00000000eb300000,0x00000000eb300000,0x00000000eed00000)
 ParOldGen       total 102912K, used 62823K [0x00000000a0000000, 0x00000000a6480000, 0x00000000e0000000)
  object space 102912K, 61% used [0x00000000a0000000,0x00000000a3d59c48,0x00000000a6480000)
 Metaspace       used 92782K, capacity 97815K, committed 99072K, reserved 1134592K
  class space    used 12063K, capacity 13123K, committed 13568K, reserved 1048576K

Card table byte_map: [0x0000000011f10000,0x0000000012220000] byte_map_base: 0x0000000011a10000

Marking Bits: (ParMarkBitMap*) 0x0000000061abf860
 Begin Bits: [0x0000000012820000, 0x0000000014020000)
 End Bits:   [0x0000000014020000, 0x0000000015820000)

Polling page: 0x0000000000ab0000

CodeCache: size=245760Kb used=57904Kb max_used=58110Kb free=187855Kb
 bounds [0x0000000002b50000, 0x0000000006460000, 0x0000000011b50000]
 total_blobs=17842 nmethods=16943 adapters=810
 compilation: enabled

Compilation events (10 events):
Event: 1752.729 Thread 0x00000000164c7000 21246       2       com.android.tools.r8.graph.LazyLoadedDexApplication$Builder::self (5 bytes)
Event: 1752.729 Thread 0x00000000164c7000 nmethod 21246 0x0000000005500990 code [0x0000000005500ae0, 0x0000000005500c30]
Event: 1752.730 Thread 0x00000000164c7000 21247       2       sun.nio.fs.WindowsPath::getParent (5 bytes)
Event: 1752.731 Thread 0x00000000164c7000 nmethod 21247 0x0000000005500610 code [0x0000000005500780, 0x00000000055008e8]
Event: 1752.733 Thread 0x00000000164c7000 21248   !   2       java.nio.file.Files::createAndCheckIsDirectory (30 bytes)
Event: 1752.736 Thread 0x00000000164c7000 nmethod 21248 0x00000000054ffc50 code [0x00000000054ffe00, 0x0000000005500278]
Event: 1752.737 Thread 0x00000000164c7000 21249   !   2       sun.nio.fs.WindowsFileSystemProvider::createDirectory (99 bytes)
Event: 1752.739 Thread 0x00000000164c7000 nmethod 21249 0x0000000006123490 code [0x0000000006123700, 0x0000000006123f08]
Event: 1752.792 Thread 0x00000000164c7000 21251   !   2       java.util.concurrent.ThreadPoolExecutor::interruptIdleWorkers (120 bytes)
Event: 1752.795 Thread 0x00000000164c7000 nmethod 21251 0x00000000061225d0 code [0x00000000061227e0, 0x0000000006122d38]

GC Heap History (10 events):
Event: 1744.447 GC heap before
{Heap before GC invocations=35 (full 3):
 PSYoungGen      total 140288K, used 97947K [0x00000000e0000000, 0x00000000ed000000, 0x0000000100000000)
  eden space 90112K, 57% used [0x00000000e0000000,0x00000000e32b6430,0x00000000e5800000)
  from space 50176K, 91% used [0x00000000e5800000,0x00000000e84f09a8,0x00000000e8900000)
  to   space 56320K, 0% used [0x00000000e9900000,0x00000000e9900000,0x00000000ed000000)
 ParOldGen       total 102912K, used 56121K [0x00000000a0000000, 0x00000000a6480000, 0x00000000e0000000)
  object space 102912K, 54% used [0x00000000a0000000,0x00000000a36ce638,0x00000000a6480000)
 Metaspace       used 92644K, capacity 98413K, committed 98560K, reserved 1134592K
  class space    used 12193K, capacity 13477K, committed 13568K, reserved 1048576K
Event: 1744.533 GC heap after
Heap after GC invocations=35 (full 3):
 PSYoungGen      total 153088K, used 41566K [0x00000000e0000000, 0x00000000edb80000, 0x0000000100000000)
  eden space 96768K, 0% used [0x00000000e0000000,0x00000000e0000000,0x00000000e5e80000)
  from space 56320K, 73% used [0x00000000e9900000,0x00000000ec197bb8,0x00000000ed000000)
  to   space 59904K, 0% used [0x00000000e5e80000,0x00000000e5e80000,0x00000000e9900000)
 ParOldGen       total 102912K, used 56129K [0x00000000a0000000, 0x00000000a6480000, 0x00000000e0000000)
  object space 102912K, 54% used [0x00000000a0000000,0x00000000a36d0638,0x00000000a6480000)
 Metaspace       used 92644K, capacity 98413K, committed 98560K, reserved 1134592K
  class space    used 12193K, capacity 13477K, committed 13568K, reserved 1048576K
}
Event: 1744.533 GC heap before
{Heap before GC invocations=36 (full 4):
 PSYoungGen      total 153088K, used 41566K [0x00000000e0000000, 0x00000000edb80000, 0x0000000100000000)
  eden space 96768K, 0% used [0x00000000e0000000,0x00000000e0000000,0x00000000e5e80000)
  from space 56320K, 73% used [0x00000000e9900000,0x00000000ec197bb8,0x00000000ed000000)
  to   space 59904K, 0% used [0x00000000e5e80000,0x00000000e5e80000,0x00000000e9900000)
 ParOldGen       total 102912K, used 56129K [0x00000000a0000000, 0x00000000a6480000, 0x00000000e0000000)
  object space 102912K, 54% used [0x00000000a0000000,0x00000000a36d0638,0x00000000a6480000)
 Metaspace       used 92644K, capacity 98413K, committed 98560K, reserved 1134592K
  class space    used 12193K, capacity 13477K, committed 13568K, reserved 1048576K
Event: 1747.360 GC heap after
Heap after GC invocations=36 (full 4):
 PSYoungGen      total 153088K, used 0K [0x00000000e0000000, 0x00000000edb80000, 0x0000000100000000)
  eden space 96768K, 0% used [0x00000000e0000000,0x00000000e0000000,0x00000000e5e80000)
  from space 56320K, 0% used [0x00000000e9900000,0x00000000e9900000,0x00000000ed000000)
  to   space 59904K, 0% used [0x00000000e5e80000,0x00000000e5e80000,0x00000000e9900000)
 ParOldGen       total 102912K, used 62807K [0x00000000a0000000, 0x00000000a6480000, 0x00000000e0000000)
  object space 102912K, 61% used [0x00000000a0000000,0x00000000a3d55c48,0x00000000a6480000)
 Metaspace       used 92133K, capacity 97103K, committed 98560K, reserved 1134592K
  class space    used 12034K, capacity 13119K, committed 13568K, reserved 1048576K
}
Event: 1748.937 GC heap before
{Heap before GC invocations=37 (full 4):
 PSYoungGen      total 153088K, used 96768K [0x00000000e0000000, 0x00000000edb80000, 0x0000000100000000)
  eden space 96768K, 100% used [0x00000000e0000000,0x00000000e5e80000,0x00000000e5e80000)
  from space 56320K, 0% used [0x00000000e9900000,0x00000000e9900000,0x00000000ed000000)
  to   space 59904K, 0% used [0x00000000e5e80000,0x00000000e5e80000,0x00000000e9900000)
 ParOldGen       total 102912K, used 62807K [0x00000000a0000000, 0x00000000a6480000, 0x00000000e0000000)
  object space 102912K, 61% used [0x00000000a0000000,0x00000000a3d55c48,0x00000000a6480000)
 Metaspace       used 92290K, capacity 97315K, committed 98560K, reserved 1134592K
  class space    used 12038K, capacity 13119K, committed 13568K, reserved 1048576K
Event: 1748.948 GC heap after
Heap after GC invocations=37 (full 4):
 PSYoungGen      total 156672K, used 3300K [0x00000000e0000000, 0x00000000ee180000, 0x0000000100000000)
  eden space 96768K, 0% used [0x00000000e0000000,0x00000000e0000000,0x00000000e5e80000)
  from space 59904K, 5% used [0x00000000e5e80000,0x00000000e61b91a0,0x00000000e9900000)
  to   space 60416K, 0% used [0x00000000ea680000,0x00000000ea680000,0x00000000ee180000)
 ParOldGen       total 102912K, used 62807K [0x00000000a0000000, 0x00000000a6480000, 0x00000000e0000000)
  object space 102912K, 61% used [0x00000000a0000000,0x00000000a3d55c48,0x00000000a6480000)
 Metaspace       used 92290K, capacity 97315K, committed 98560K, reserved 1134592K
  class space    used 12038K, capacity 13119K, committed 13568K, reserved 1048576K
}
Event: 1749.722 GC heap before
{Heap before GC invocations=38 (full 4):
 PSYoungGen      total 156672K, used 100068K [0x00000000e0000000, 0x00000000ee180000, 0x0000000100000000)
  eden space 96768K, 100% used [0x00000000e0000000,0x00000000e5e80000,0x00000000e5e80000)
  from space 59904K, 5% used [0x00000000e5e80000,0x00000000e61b91a0,0x00000000e9900000)
  to   space 60416K, 0% used [0x00000000ea680000,0x00000000ea680000,0x00000000ee180000)
 ParOldGen       total 102912K, used 62807K [0x00000000a0000000, 0x00000000a6480000, 0x00000000e0000000)
  object space 102912K, 61% used [0x00000000a0000000,0x00000000a3d55c48,0x00000000a6480000)
 Metaspace       used 92472K, capacity 97471K, committed 98816K, reserved 1134592K
  class space    used 12051K, capacity 13121K, committed 13568K, reserved 1048576K
Event: 1749.734 GC heap after
Heap after GC invocations=38 (full 4):
 PSYoungGen      total 169472K, used 3652K [0x00000000e0000000, 0x00000000ee080000, 0x0000000100000000)
  eden space 110080K, 0% used [0x00000000e0000000,0x00000000e0000000,0x00000000e6b80000)
  from space 59392K, 6% used [0x00000000ea680000,0x00000000eaa11190,0x00000000ee080000)
  to   space 59904K, 0% used [0x00000000e6b80000,0x00000000e6b80000,0x00000000ea600000)
 ParOldGen       total 102912K, used 62815K [0x00000000a0000000, 0x00000000a6480000, 0x00000000e0000000)
  object space 102912K, 61% used [0x00000000a0000000,0x00000000a3d57c48,0x00000000a6480000)
 Metaspace       used 92472K, capacity 97471K, committed 98816K, reserved 1134592K
  class space    used 12051K, capacity 13121K, committed 13568K, reserved 1048576K
}
Event: 1752.177 GC heap before
{Heap before GC invocations=39 (full 4):
 PSYoungGen      total 169472K, used 113732K [0x00000000e0000000, 0x00000000ee080000, 0x0000000100000000)
  eden space 110080K, 100% used [0x00000000e0000000,0x00000000e6b80000,0x00000000e6b80000)
  from space 59392K, 6% used [0x00000000ea680000,0x00000000eaa11190,0x00000000ee080000)
  to   space 59904K, 0% used [0x00000000e6b80000,0x00000000e6b80000,0x00000000ea600000)
 ParOldGen       total 102912K, used 62815K [0x00000000a0000000, 0x00000000a6480000, 0x00000000e0000000)
  object space 102912K, 61% used [0x00000000a0000000,0x00000000a3d57c48,0x00000000a6480000)
 Metaspace       used 92747K, capacity 97815K, committed 99072K, reserved 1134592K
  class space    used 12062K, capacity 13123K, committed 13568K, reserved 1048576K
Event: 1752.195 GC heap after
Heap after GC invocations=39 (full 4):
 PSYoungGen      total 169984K, used 1780K [0x00000000e0000000, 0x00000000eed00000, 0x0000000100000000)
  eden space 110080K, 0% used [0x00000000e0000000,0x00000000e0000000,0x00000000e6b80000)
  from space 59904K, 2% used [0x00000000e6b80000,0x00000000e6d3d3c0,0x00000000ea600000)
  to   space 59392K, 0% used [0x00000000eb300000,0x00000000eb300000,0x00000000eed00000)
 ParOldGen       total 102912K, used 62823K [0x00000000a0000000, 0x00000000a6480000, 0x00000000e0000000)
  object space 102912K, 61% used [0x00000000a0000000,0x00000000a3d59c48,0x00000000a6480000)
 Metaspace       used 92747K, capacity 97815K, committed 99072K, reserved 1134592K
  class space    used 12062K, capacity 13123K, committed 13568K, reserved 1048576K
}

Deoptimization events (10 events):
Event: 1749.961 Thread 0x00000000191dd000 Uncommon trap: reason=unstable_if action=reinterpret pc=0x000000000596f584 method=com.android.tools.r8.ir.code.Instruction.identicalAfterRegisterAllocation(Lcom/android/tools/r8/ir/code/Instruction;Lcom/android/tools/r8/ir/regalloc/RegisterAllocator;)Z @ 
Event: 1750.033 Thread 0x00000000191dd000 Uncommon trap: reason=unstable_if action=reinterpret pc=0x00000000054af47c method=java.lang.Long.numberOfTrailingZeros(J)I @ 3
Event: 1750.108 Thread 0x000000001c7a7800 Uncommon trap: reason=unstable_if action=reinterpret pc=0x0000000005870384 method=java.util.concurrent.ConcurrentHashMap.computeIfAbsent(Ljava/lang/Object;Ljava/util/function/Function;)Ljava/lang/Object; @ 200
Event: 1750.582 Thread 0x000000001d7d3000 Uncommon trap: reason=unstable_if action=reinterpret pc=0x00000000061cc2d4 method=com.android.tools.r8.org.objectweb.asm.ClassReader.readUTF(II[C)Ljava/lang/String; @ 77
Event: 1750.591 Thread 0x000000001d7d3000 Uncommon trap: reason=unstable_if action=reinterpret pc=0x0000000005b6be3c method=com.android.tools.r8.org.objectweb.asm.ClassReader.readUTF(II[C)Ljava/lang/String; @ 77
Event: 1750.602 Thread 0x000000001d7d3000 Uncommon trap: reason=unstable_if action=reinterpret pc=0x00000000060a85ac method=com.android.tools.r8.graph.DexString.countBytes(Ljava/lang/String;)I @ 25
Event: 1750.602 Thread 0x000000001d7d3000 Uncommon trap: reason=unstable_if action=reinterpret pc=0x0000000004b21078 method=com.android.tools.r8.graph.DexString.decode()Ljava/lang/String; @ 53
Event: 1750.696 Thread 0x00000000191e1800 Uncommon trap: reason=unstable_if action=reinterpret pc=0x000000000495fc00 method=java.util.concurrent.ConcurrentHashMap.addCount(JI)V @ 168
Event: 1750.951 Thread 0x000000001f2ca800 Uncommon trap: reason=unstable_if action=reinterpret pc=0x00000000061be624 method=com.android.tools.r8.ir.conversion.JarState$Slot.isCategory1(Lcom/android/tools/r8/org/objectweb/asm/Type;)Z @ 11
Event: 1751.557 Thread 0x00000000191e3000 Uncommon trap: reason=unstable_if action=reinterpret pc=0x0000000005d888cc method=java.util.TimSort.countRunAndMakeAscending([Ljava/lang/Object;IILjava/util/Comparator;)I @ 27

Classes redefined (0 events):
No events

Internal exceptions (10 events):
Event: 1752.773 Thread 0x0000000022feb000 Exception <a 'sun/nio/fs/WindowsException'> (0x00000000e16d9c48) thrown at [C:\re\workspace\8-2-build-windows-amd64-cygwin\jdk8u161\10277\hotspot\src\share\vm\prims\jni.cpp, line 709]
Event: 1752.777 Thread 0x0000000022fe8000 Exception <a 'sun/nio/fs/WindowsException'> (0x00000000e127e938) thrown at [C:\re\workspace\8-2-build-windows-amd64-cygwin\jdk8u161\10277\hotspot\src\share\vm\prims\jni.cpp, line 709]
Event: 1752.784 Thread 0x0000000022fe8000 Exception <a 'sun/nio/fs/WindowsException'> (0x00000000e1284068) thrown at [C:\re\workspace\8-2-build-windows-amd64-cygwin\jdk8u161\10277\hotspot\src\share\vm\prims\jni.cpp, line 709]
Event: 1752.789 Thread 0x000000002325d800 Exception <a 'sun/nio/fs/WindowsException'> (0x00000000e1873e28) thrown at [C:\re\workspace\8-2-build-windows-amd64-cygwin\jdk8u161\10277\hotspot\src\share\vm\prims\jni.cpp, line 709]
Event: 1752.797 Thread 0x0000000022fea800 Exception <a 'sun/nio/fs/WindowsException'> (0x00000000e18c1a60) thrown at [C:\re\workspace\8-2-build-windows-amd64-cygwin\jdk8u161\10277\hotspot\src\share\vm\prims\jni.cpp, line 709]
Event: 1752.797 Thread 0x0000000022fea800 Exception <a 'sun/nio/fs/WindowsException'> (0x00000000e18c2110) thrown at [C:\re\workspace\8-2-build-windows-amd64-cygwin\jdk8u161\10277\hotspot\src\share\vm\prims\jni.cpp, line 709]
Event: 1752.797 Thread 0x0000000022fea800 Exception <a 'sun/nio/fs/WindowsException'> (0x00000000e18c28d0) thrown at [C:\re\workspace\8-2-build-windows-amd64-cygwin\jdk8u161\10277\hotspot\src\share\vm\prims\jni.cpp, line 709]
Event: 1752.797 Thread 0x0000000022fea800 Exception <a 'sun/nio/fs/WindowsException'> (0x00000000e18c3150) thrown at [C:\re\workspace\8-2-build-windows-amd64-cygwin\jdk8u161\10277\hotspot\src\share\vm\prims\jni.cpp, line 709]
Event: 1752.797 Thread 0x0000000022fea800 Exception <a 'sun/nio/fs/WindowsException'> (0x00000000e18c38c0) thrown at [C:\re\workspace\8-2-build-windows-amd64-cygwin\jdk8u161\10277\hotspot\src\share\vm\prims\jni.cpp, line 709]
Event: 1752.797 Thread 0x0000000022fea800 Exception <a 'sun/nio/fs/WindowsException'> (0x00000000e18c4120) thrown at [C:\re\workspace\8-2-build-windows-amd64-cygwin\jdk8u161\10277\hotspot\src\share\vm\prims\jni.cpp, line 709]

Events (10 events):
Event: 1752.785 Thread 0x000000001f2d0800 Thread exited: 0x000000001f2d0800
Event: 1752.785 Thread 0x000000001f2cd000 Thread exited: 0x000000001f2cd000
Event: 1752.792 Thread 0x0000000022fe5000 Thread added: 0x0000000022fe5000
Event: 1752.792 Thread 0x0000000022feb000 Thread exited: 0x0000000022feb000
Event: 1752.792 Thread 0x0000000022fe8000 Thread exited: 0x0000000022fe8000
Event: 1752.793 Executing VM operation: BulkRevokeBias
Event: 1752.793 Executing VM operation: BulkRevokeBias done
Event: 1752.794 Thread 0x0000000022fea800 Thread added: 0x0000000022fea800
Event: 1752.805 Thread 0x0000000022fea800 Thread exited: 0x0000000022fea800
Event: 1752.805 Thread 0x0000000022fe5000 Thread exited: 0x0000000022fe5000


Dynamic libraries:
0x00007ff77e810000 - 0x00007ff77e847000 	C:\Program Files\Java\jdk1.8.0_161\bin\java.exe
0x00007ff804110000 - 0x00007ff8042f1000 	C:\WINDOWS\SYSTEM32\ntdll.dll
0x00007ff8036c0000 - 0x00007ff803772000 	C:\WINDOWS\System32\KERNEL32.DLL
0x00007ff800850000 - 0x00007ff800ac3000 	C:\WINDOWS\System32\KERNELBASE.dll
0x00007ff803ea0000 - 0x00007ff803f41000 	C:\WINDOWS\System32\ADVAPI32.dll
0x00007ff803620000 - 0x00007ff8036be000 	C:\WINDOWS\System32\msvcrt.dll
0x00007ff801b90000 - 0x00007ff801beb000 	C:\WINDOWS\System32\sechost.dll
0x00007ff8018d0000 - 0x00007ff8019f4000 	C:\WINDOWS\System32\RPCRT4.dll
0x00007ff803280000 - 0x00007ff803410000 	C:\WINDOWS\System32\USER32.dll
0x00007ff800b70000 - 0x00007ff800b90000 	C:\WINDOWS\System32\win32u.dll
0x00007ff803e70000 - 0x00007ff803e98000 	C:\WINDOWS\System32\GDI32.dll
0x00007ff8012a0000 - 0x00007ff801432000 	C:\WINDOWS\System32\gdi32full.dll
0x00007ff800ad0000 - 0x00007ff800b6f000 	C:\WINDOWS\System32\msvcp_win.dll
0x00007ff8014a0000 - 0x00007ff80159a000 	C:\WINDOWS\System32\ucrtbase.dll
0x00007ffff0a50000 - 0x00007ffff0cb9000 	C:\WINDOWS\WinSxS\amd64_microsoft.windows.common-controls_6595b64144ccf1df_6.0.17134.48_none_b4b2216a3cb4dd3e\COMCTL32.dll
0x00007ff8015a0000 - 0x00007ff8018c3000 	C:\WINDOWS\System32\combase.dll
0x00007ff8005e0000 - 0x00007ff80065a000 	C:\WINDOWS\System32\bcryptPrimitives.dll
0x00007ff803780000 - 0x00007ff8037ad000 	C:\WINDOWS\System32\IMM32.DLL
0x0000000063970000 - 0x0000000063a42000 	C:\Program Files\Java\jdk1.8.0_161\jre\bin\msvcr100.dll
0x00000000612a0000 - 0x0000000061b3f000 	C:\Program Files\Java\jdk1.8.0_161\jre\bin\server\jvm.dll
0x00007ff801b80000 - 0x00007ff801b88000 	C:\WINDOWS\System32\PSAPI.DLL
0x00007fffe7ec0000 - 0x00007fffe7ec9000 	C:\WINDOWS\SYSTEM32\WSOCK32.dll
0x00007ffffdea0000 - 0x00007ffffdec3000 	C:\WINDOWS\SYSTEM32\WINMM.dll
0x00007ff803e00000 - 0x00007ff803e6c000 	C:\WINDOWS\System32\WS2_32.dll
0x00007ffff7700000 - 0x00007ffff770a000 	C:\WINDOWS\SYSTEM32\VERSION.dll
0x00007ffffde70000 - 0x00007ffffde9a000 	C:\WINDOWS\SYSTEM32\winmmbase.dll
0x00007ff800590000 - 0x00007ff8005d9000 	C:\WINDOWS\System32\cfgmgr32.dll
0x00000000645d0000 - 0x00000000645df000 	C:\Program Files\Java\jdk1.8.0_161\jre\bin\verify.dll
0x00000000645a0000 - 0x00000000645c9000 	C:\Program Files\Java\jdk1.8.0_161\jre\bin\java.dll
0x0000000064580000 - 0x0000000064596000 	C:\Program Files\Java\jdk1.8.0_161\jre\bin\zip.dll
0x00007ff801ce0000 - 0x00007ff803120000 	C:\WINDOWS\System32\SHELL32.dll
0x00007ff801a00000 - 0x00007ff801aa9000 	C:\WINDOWS\System32\shcore.dll
0x00007ff800b90000 - 0x00007ff80129d000 	C:\WINDOWS\System32\windows.storage.dll
0x00007ff8037b0000 - 0x00007ff803801000 	C:\WINDOWS\System32\shlwapi.dll
0x00007ff8004a0000 - 0x00007ff8004b1000 	C:\WINDOWS\System32\kernel.appcore.dll
0x00007ff800480000 - 0x00007ff80049f000 	C:\WINDOWS\System32\profapi.dll
0x00007ff800420000 - 0x00007ff80046c000 	C:\WINDOWS\System32\powrprof.dll
0x00007ff800470000 - 0x00007ff80047a000 	C:\WINDOWS\System32\FLTLIB.DLL
0x00000000642d0000 - 0x00000000642ea000 	C:\Program Files\Java\jdk1.8.0_161\jre\bin\net.dll
0x00007fffffc90000 - 0x00007fffffcf6000 	C:\WINDOWS\system32\mswsock.dll
0x00000000642b0000 - 0x00000000642c1000 	C:\Program Files\Java\jdk1.8.0_161\jre\bin\nio.dll
0x00007ffff29b0000 - 0x00007ffff29ce000 	C:\Users\User\.gradle\native\25\windows-amd64\native-platform.dll
0x0000000064270000 - 0x000000006427d000 	C:\Program Files\Java\jdk1.8.0_161\jre\bin\management.dll
0x00007fffffe50000 - 0x00007fffffe67000 	C:\WINDOWS\SYSTEM32\CRYPTSP.dll
0x00007fffff810000 - 0x00007fffff843000 	C:\WINDOWS\system32\rsaenh.dll
0x00007ff800070000 - 0x00007ff800095000 	C:\WINDOWS\SYSTEM32\bcrypt.dll
0x00007ff800320000 - 0x00007ff800348000 	C:\WINDOWS\SYSTEM32\USERENV.dll
0x00007fffffe40000 - 0x00007fffffe4b000 	C:\WINDOWS\SYSTEM32\CRYPTBASE.dll
0x00007fffffa10000 - 0x00007fffffa48000 	C:\WINDOWS\SYSTEM32\IPHLPAPI.DLL
0x00007ff8040d0000 - 0x00007ff8040d8000 	C:\WINDOWS\System32\NSI.dll
0x00007ffff4b00000 - 0x00007ffff4b16000 	C:\WINDOWS\SYSTEM32\dhcpcsvc6.DLL
0x00007ffff4bb0000 - 0x00007ffff4bca000 	C:\WINDOWS\SYSTEM32\dhcpcsvc.DLL
0x00007ffffe4d0000 - 0x00007ffffe55b000 	C:\WINDOWS\system32\apphelp.dll
0x0000000063ed0000 - 0x0000000063ef4000 	C:\Program Files\Java\jdk1.8.0_161\jre\bin\sunec.dll
0x00007fffffa50000 - 0x00007fffffb0e000 	C:\WINDOWS\SYSTEM32\DNSAPI.dll
0x00007ffff48a0000 - 0x00007ffff48aa000 	C:\Windows\System32\rasadhlp.dll
0x00007ffff2390000 - 0x00007ffff2402000 	C:\WINDOWS\System32\fwpuclnt.dll
0x0000000064120000 - 0x000000006412b000 	C:\Program Files\Java\jdk1.8.0_161\jre\bin\sunmscapi.dll
0x00007ff800660000 - 0x00007ff800842000 	C:\WINDOWS\System32\CRYPT32.dll
0x00007ff8004c0000 - 0x00007ff8004d2000 	C:\WINDOWS\System32\MSASN1.dll
0x00007fffff500000 - 0x00007fffff531000 	C:\WINDOWS\SYSTEM32\ntmarta.dll

VM Arguments:
jvm_args: -Xmx1536m -Dfile.encoding=windows-1252 -Duser.country=IN -Duser.language=en -Duser.variant 
java_command: org.gradle.launcher.daemon.bootstrap.GradleDaemon 4.4
java_class_path (initial): C:\Users\User\.gradle\wrapper\dists\gradle-4.4-all\9br9xq1tocpiv8o6njlyu5op1\gradle-4.4\lib\gradle-launcher-4.4.jar
Launcher Type: SUN_STANDARD

Environment Variables:
JAVA_HOME=C:\Program Files\Java\jdk1.8.0_161
PATH=C:\Program Files (x86)\Intel\iCLS Client\;C:\Program Files (x86)\Common Files\Oracle\Java\javapath;C:\ProgramData\Oracle\Java\javapath;C:\Program Files\Intel\iCLS Client\;C:\WINDOWS\system32;C:\WINDOWS;C:\WINDOWS\System32\Wbem;C:\WINDOWS\System32\WindowsPowerShell\v1.0\;C:\Program Files (x86)\Brackets\command;C:\Users\User\AppData\Local\Microsoft\WindowsApps;C:\adb;C:\Program Files (x86)\Intel\Intel(R) Management Engine Components\DAL;C:\Program Files\Intel\Intel(R) Management Engine Components\DAL;C:\Program Files (x86)\Intel\Intel(R) Management Engine Components\IPT;C:\Program Files\Intel\Intel(R) Management Engine Components\IPT;%SystemRoot%\system32;%SystemRoot%;%SystemRoot%\System32\Wbem;%SYSTEMROOT%\System32\WindowsPowerShell\v1.0\;%SYSTEMROOT%\System32\OpenSSH\;C:\flutter\bin
USERNAME=User
OS=Windows_NT
PROCESSOR_IDENTIFIER=Intel64 Family 6 Model 78 Stepping 3, GenuineIntel



---------------  S Y S T E M  ---------------

OS: Windows 10.0 , 64 bit Build 17134 (10.0.17134.1)

CPU:total 4 (initial active 4) (2 cores per cpu, 2 threads per core) family 6 model 78 stepping 3, cmov, cx8, fxsr, mmx, sse, sse2, sse3, ssse3, sse4.1, sse4.2, popcnt, avx, avx2, aes, clmul, erms, 3dnowpref, lzcnt, ht, tsc, tscinvbit, bmi1, bmi2, adx

Memory: 4k page, physical 4061080k(380488k free), swap 6158232k(8220k free)

vm_info: Java HotSpot(TM) 64-Bit Server VM (25.161-b12) for windows-amd64 JRE (1.8.0_161-b12), built on Dec 19 2017 17:52:25 by "java_re" with MS VC++ 10.0 (VS2010)

time: Fri Jun 15 21:50:23 2018
elapsed time: 1753 seconds (0d 0h 29m 13s)

